18.4s 1 Current device: cuda
18.4s 2 Models dir created.
18.4s 3 Stats dir created.
18.4s 4 Downloading https://www.cs.toronto.edu/~kriz/cifar-10-python.tar.gz to ./data/cifar-10-python.tar.gz
20.9s 5 Extracting ./data/cifar-10-python.tar.gz to ./data
23.5s 6 Files already downloaded and verified
27.0s 7 Starting epoch: 1
110.4s 8 Total train loss for epoch 1: 346.4120561182499
110.4s 9 Total train accuracy for epoch 1: 33.9985
113.9s 10 Total test loss for epoch 1: 197.13156986236572
113.9s 11 Total test accuracy for epoch 1: 37.2
114.5s 12 Starting epoch: 2
192.7s 13 Total train loss for epoch 2: 277.4123701453209
192.7s 14 Total train accuracy for epoch 2: 47.5515
196.0s 15 Total test loss for epoch 2: 129.5279342532158
196.0s 16 Total test accuracy for epoch 2: 56.39
196.7s 17 Starting epoch: 3
275.9s 18 Total train loss for epoch 3: 235.56380562484264
275.9s 19 Total train accuracy for epoch 3: 55.738
279.3s 20 Total test loss for epoch 3: 98.25432693958282
279.3s 21 Total test accuracy for epoch 3: 65.38
279.9s 22 Starting epoch: 4
359.6s 23 Total train loss for epoch 4: 204.54760329425335
359.6s 24 Total train accuracy for epoch 4: 61.7525
363.0s 25 Total test loss for epoch 4: 84.78791034221649
363.0s 26 Total test accuracy for epoch 4: 70.23
363.7s 27 Starting epoch: 5
443.5s 28 Total train loss for epoch 5: 184.84018245339394
443.5s 29 Total train accuracy for epoch 5: 65.336
446.9s 30 Total test loss for epoch 5: 84.11988830566406
446.9s 31 Total test accuracy for epoch 5: 69.58
447.6s 32 Starting epoch: 6
527.7s 33 Total train loss for epoch 6: 169.44446451961994
527.7s 34 Total train accuracy for epoch 6: 68.2735
531.1s 35 Total test loss for epoch 6: 71.33160862326622
531.1s 36 Total test accuracy for epoch 6: 75.23
531.7s 37 Starting epoch: 7
611.8s 38 Total train loss for epoch 7: 158.04448653012514
611.8s 39 Total train accuracy for epoch 7: 70.3225
615.2s 40 Total test loss for epoch 7: 71.84540784358978
615.2s 41 Total test accuracy for epoch 7: 75.41
615.8s 42 Starting epoch: 8
696.0s 43 Total train loss for epoch 8: 146.5185714289546
696.0s 44 Total train accuracy for epoch 8: 72.5
699.6s 45 Total test loss for epoch 8: 64.78133770823479
699.6s 46 Total test accuracy for epoch 8: 77.62
700.3s 47 Starting epoch: 9
780.4s 48 Total train loss for epoch 9: 137.20044739544392
780.4s 49 Total train accuracy for epoch 9: 74.1565
783.8s 50 Total test loss for epoch 9: 60.28006333112717
783.8s 51 Total test accuracy for epoch 9: 79.17
784.5s 52 Starting epoch: 10
864.4s 53 Total train loss for epoch 10: 129.76152488589287
864.4s 54 Total train accuracy for epoch 10: 75.5815
867.8s 55 Total test loss for epoch 10: 56.33503031730652
867.8s 56 Total test accuracy for epoch 10: 79.81
868.4s 57 Starting epoch: 11
948.5s 58 Total train loss for epoch 11: 120.45095701515675
948.5s 59 Total train accuracy for epoch 11: 77.21
951.9s 60 Total test loss for epoch 11: 51.946473479270935
951.9s 61 Total test accuracy for epoch 11: 81.49
952.5s 62 Starting epoch: 12
1032.3s 63 Total train loss for epoch 12: 112.57465800642967
1032.3s 64 Total train accuracy for epoch 12: 78.6035
1035.7s 65 Total test loss for epoch 12: 50.72338131070137
1035.7s 66 Total test accuracy for epoch 12: 82.1
1036.4s 67 Starting epoch: 13
1116.3s 68 Total train loss for epoch 13: 104.9305664934218
1116.3s 69 Total train accuracy for epoch 13: 80.2575
1119.7s 70 Total test loss for epoch 13: 45.22022020816803
1119.7s 71 Total test accuracy for epoch 13: 84.16
1120.3s 72 Starting epoch: 14
1200.3s 73 Total train loss for epoch 14: 97.158940538764
1200.3s 74 Total train accuracy for epoch 14: 81.5735
1203.7s 75 Total test loss for epoch 14: 41.63359260559082
1203.7s 76 Total test accuracy for epoch 14: 85.7
1204.4s 77 Starting epoch: 15
1284.3s 78 Total train loss for epoch 15: 89.69801380112767
1284.3s 79 Total train accuracy for epoch 15: 83.0055
1287.6s 80 Total test loss for epoch 15: 39.0597864985466
1287.6s 81 Total test accuracy for epoch 15: 86.63
1288.3s 82 Starting epoch: 16
1368.4s 83 Total train loss for epoch 16: 83.30161399394274
1368.4s 84 Total train accuracy for epoch 16: 84.264
1371.8s 85 Total test loss for epoch 16: 36.6709690541029
1371.8s 86 Total test accuracy for epoch 16: 87.26
1372.5s 87 Starting epoch: 17
1452.3s 88 Total train loss for epoch 17: 76.43046824261546
1452.3s 89 Total train accuracy for epoch 17: 85.5315
1455.7s 90 Total test loss for epoch 17: 35.151032373309135
1455.7s 91 Total test accuracy for epoch 17: 87.88
1456.4s 92 Starting epoch: 18
1536.2s 93 Total train loss for epoch 18: 72.17625533789396
1536.2s 94 Total train accuracy for epoch 18: 86.5145
1539.6s 95 Total test loss for epoch 18: 33.839179158210754
1539.6s 96 Total test accuracy for epoch 18: 88.29
1540.3s 97 Starting epoch: 19
1620.2s 98 Total train loss for epoch 19: 68.06643953360617
1620.2s 99 Total train accuracy for epoch 19: 87.385
1623.5s 100 Total test loss for epoch 19: 33.30450476706028
1623.5s 101 Total test accuracy for epoch 19: 88.45
1624.2s 102 Starting epoch: 20
1704.1s 103 Total train loss for epoch 20: 65.8493049107492
1704.1s 104 Total train accuracy for epoch 20: 87.772
1707.5s 105 Total test loss for epoch 20: 32.81830149888992
1707.5s 106 Total test accuracy for epoch 20: 88.68
1710.6s 107 Resnet18 Free
1714.0s 108 Total test loss for epoch 1: 32.81830149888992
1714.0s 109 Total test accuracy for epoch 1: 88.68
1842.9s 110 Accuracy on adversarial examples generated using PGD attack: 16.47%
1844.3s 111 Total train time for model resnet18_free_epochs_20_replay_4_lr_0.02 is 28 minutes, 1 seconds.
1844.3s 112 Starting epoch: 1
1889.9s 113 Total train loss for epoch 1: 453.75318670272827
1889.9s 114 Total train accuracy for epoch 1: 8.536
1893.3s 115 Total test loss for epoch 1: 222.47305846214294
1893.3s 116 Total test accuracy for epoch 1: 15.84
1894.0s 117 Starting epoch: 2
1939.1s 118 Total train loss for epoch 2: 440.6082932949066
1939.1s 119 Total train accuracy for epoch 2: 15.066
1942.4s 120 Total test loss for epoch 2: 205.68968057632446
1942.4s 121 Total test accuracy for epoch 2: 21.44
1943.1s 122 Starting epoch: 3
1988.4s 123 Total train loss for epoch 3: 420.645703792572
1988.4s 124 Total train accuracy for epoch 3: 19.044
1991.7s 125 Total test loss for epoch 3: 183.8295681476593
1991.7s 126 Total test accuracy for epoch 3: 32.34
1992.4s 127 Starting epoch: 4
2037.4s 128 Total train loss for epoch 4: 400.29648900032043
2037.4s 129 Total train accuracy for epoch 4: 22.896
2040.8s 130 Total test loss for epoch 4: 175.88368213176727
2040.8s 131 Total test accuracy for epoch 4: 35.04
2041.5s 132 Starting epoch: 5
2086.9s 133 Total train loss for epoch 5: 390.1890538930893
2086.9s 134 Total train accuracy for epoch 5: 24.684
2090.3s 135 Total test loss for epoch 5: 166.72805058956146
2090.3s 136 Total test accuracy for epoch 5: 38.29
2091.0s 137 Starting epoch: 6
2136.1s 138 Total train loss for epoch 6: 382.1922832727432
2136.1s 139 Total train accuracy for epoch 6: 25.964
2139.5s 140 Total test loss for epoch 6: 163.8154398202896
2139.5s 141 Total test accuracy for epoch 6: 39.48
2140.2s 142 Starting epoch: 7
2185.2s 143 Total train loss for epoch 7: 373.0493701696396
2185.2s 144 Total train accuracy for epoch 7: 27.314
2188.6s 145 Total test loss for epoch 7: 154.79706239700317
2188.6s 146 Total test accuracy for epoch 7: 44.39
2189.3s 147 Starting epoch: 8
2234.4s 148 Total train loss for epoch 8: 366.26523673534393
2234.4s 149 Total train accuracy for epoch 8: 29.244
2237.8s 150 Total test loss for epoch 8: 152.1543095111847
2237.8s 151 Total test accuracy for epoch 8: 41.86
2238.5s 152 Starting epoch: 9
2283.6s 153 Total train loss for epoch 9: 358.3326687812805
2283.6s 154 Total train accuracy for epoch 9: 30.662
2286.9s 155 Total test loss for epoch 9: 148.65083587169647
2286.9s 156 Total test accuracy for epoch 9: 47.18
2287.6s 157 Starting epoch: 10
2332.8s 158 Total train loss for epoch 10: 351.63096702098846
2332.8s 159 Total train accuracy for epoch 10: 31.88
2336.2s 160 Total test loss for epoch 10: 140.78799390792847
2336.2s 161 Total test accuracy for epoch 10: 49.24
2336.9s 162 Starting epoch: 11
2381.9s 163 Total train loss for epoch 11: 342.72722601890564
2381.9s 164 Total train accuracy for epoch 11: 33.568
2385.3s 165 Total test loss for epoch 11: 137.81271755695343
2385.3s 166 Total test accuracy for epoch 11: 50.35
2386.0s 167 Starting epoch: 12
2431.1s 168 Total train loss for epoch 12: 335.8590611219406
2431.1s 169 Total train accuracy for epoch 12: 34.772
2434.6s 170 Total test loss for epoch 12: 135.39123570919037
2434.6s 171 Total test accuracy for epoch 12: 48.57
2435.2s 172 Starting epoch: 13
2480.6s 173 Total train loss for epoch 13: 327.8312464952469
2480.6s 174 Total train accuracy for epoch 13: 36.466
2483.9s 175 Total test loss for epoch 13: 126.12402594089508
2483.9s 176 Total test accuracy for epoch 13: 56.14
2484.6s 177 Starting epoch: 14
2529.7s 178 Total train loss for epoch 14: 321.62289345264435
2529.7s 179 Total train accuracy for epoch 14: 37.472
2533.1s 180 Total test loss for epoch 14: 122.82448554039001
2533.1s 181 Total test accuracy for epoch 14: 56.4
2533.8s 182 Starting epoch: 15
2579.2s 183 Total train loss for epoch 15: 313.37397944927216
2579.2s 184 Total train accuracy for epoch 15: 39.014
2582.5s 185 Total test loss for epoch 15: 114.52526438236237
2582.5s 186 Total test accuracy for epoch 15: 60.73
2583.2s 187 Starting epoch: 16
2628.4s 188 Total train loss for epoch 16: 307.0332006216049
2628.4s 189 Total train accuracy for epoch 16: 40.442
2631.8s 190 Total test loss for epoch 16: 114.39209753274918
2631.8s 191 Total test accuracy for epoch 16: 59.22
2632.5s 192 Starting epoch: 17
2678.0s 193 Total train loss for epoch 17: 299.6296988725662
2678.0s 194 Total train accuracy for epoch 17: 41.376
2681.3s 195 Total test loss for epoch 17: 108.25305533409119
2681.3s 196 Total test accuracy for epoch 17: 62.17
2682.0s 197 Starting epoch: 18
2727.1s 198 Total train loss for epoch 18: 293.91315507888794
2727.1s 199 Total train accuracy for epoch 18: 42.452
2730.8s 200 Total test loss for epoch 18: 104.5137300491333
2730.8s 201 Total test accuracy for epoch 18: 63.66
2731.5s 202 Starting epoch: 19
2776.7s 203 Total train loss for epoch 19: 287.89314913749695
2776.7s 204 Total train accuracy for epoch 19: 43.786
2780.1s 205 Total test loss for epoch 19: 101.09398251771927
2780.1s 206 Total test accuracy for epoch 19: 66.61
2780.8s 207 Starting epoch: 20
2826.0s 208 Total train loss for epoch 20: 281.7321672439575
2826.0s 209 Total train accuracy for epoch 20: 44.952
2829.4s 210 Total test loss for epoch 20: 102.65945678949356
2829.4s 211 Total test accuracy for epoch 20: 64.56
2830.1s 212 Starting epoch: 21
2875.3s 213 Total train loss for epoch 21: 277.34602761268616
2875.3s 214 Total train accuracy for epoch 21: 45.502
2878.6s 215 Total test loss for epoch 21: 97.27698838710785
2878.6s 216 Total test accuracy for epoch 21: 67.58
2879.3s 217 Starting epoch: 22
2924.6s 218 Total train loss for epoch 22: 271.96412229537964
2924.6s 219 Total train accuracy for epoch 22: 46.476
2928.0s 220 Total test loss for epoch 22: 97.64474821090698
2928.0s 221 Total test accuracy for epoch 22: 67.33
2928.7s 222 Starting epoch: 23
2973.8s 223 Total train loss for epoch 23: 268.70995581150055
2973.8s 224 Total train accuracy for epoch 23: 47.234
2977.2s 225 Total test loss for epoch 23: 97.03683334589005
2977.2s 226 Total test accuracy for epoch 23: 66.47
2977.9s 227 Starting epoch: 24
3023.4s 228 Total train loss for epoch 24: 264.4359270334244
3023.4s 229 Total train accuracy for epoch 24: 47.824
3026.8s 230 Total test loss for epoch 24: 95.85430002212524
3026.8s 231 Total test accuracy for epoch 24: 68.94
3027.5s 232 Starting epoch: 25
3072.6s 233 Total train loss for epoch 25: 260.3688805103302
3072.6s 234 Total train accuracy for epoch 25: 48.444
3076.1s 235 Total test loss for epoch 25: 92.49575793743134
3076.1s 236 Total test accuracy for epoch 25: 69.74
3076.8s 237 Starting epoch: 26
3121.8s 238 Total train loss for epoch 26: 257.3796081542969
3121.8s 239 Total train accuracy for epoch 26: 49.156
3125.1s 240 Total test loss for epoch 26: 90.5912806391716
3125.1s 241 Total test accuracy for epoch 26: 70.94
3125.8s 242 Starting epoch: 27
3171.1s 243 Total train loss for epoch 27: 254.5000203847885
3171.1s 244 Total train accuracy for epoch 27: 49.616
3174.4s 245 Total test loss for epoch 27: 90.85327208042145
3174.4s 246 Total test accuracy for epoch 27: 70.09
3175.1s 247 Starting epoch: 28
3220.2s 248 Total train loss for epoch 28: 251.3815414905548
3220.2s 249 Total train accuracy for epoch 28: 50.23
3223.6s 250 Total test loss for epoch 28: 84.08257746696472
3223.6s 251 Total test accuracy for epoch 28: 73.28
3224.3s 252 Starting epoch: 29
3269.6s 253 Total train loss for epoch 29: 248.27499222755432
3269.6s 254 Total train accuracy for epoch 29: 50.624
3272.9s 255 Total test loss for epoch 29: 83.8972253203392
3272.9s 256 Total test accuracy for epoch 29: 71.51
3273.6s 257 Starting epoch: 30
3318.7s 258 Total train loss for epoch 30: 246.13137412071228
3318.7s 259 Total train accuracy for epoch 30: 51.12
3322.0s 260 Total test loss for epoch 30: 84.86894518136978
3322.0s 261 Total test accuracy for epoch 30: 73.48
3322.7s 262 Starting epoch: 31
3368.0s 263 Total train loss for epoch 31: 243.99705338478088
3368.0s 264 Total train accuracy for epoch 31: 51.498
3371.3s 265 Total test loss for epoch 31: 80.15737611055374
3371.3s 266 Total test accuracy for epoch 31: 73.79
3372.0s 267 Starting epoch: 32
3417.0s 268 Total train loss for epoch 32: 241.3632289171219
3417.0s 269 Total train accuracy for epoch 32: 52.18
3420.6s 270 Total test loss for epoch 32: 84.53062468767166
3420.6s 271 Total test accuracy for epoch 32: 72.77
3421.3s 272 Starting epoch: 33
3466.3s 273 Total train loss for epoch 33: 239.57713282108307
3466.3s 274 Total train accuracy for epoch 33: 52.114
3469.8s 275 Total test loss for epoch 33: 79.18201225996017
3469.8s 276 Total test accuracy for epoch 33: 73.93
3470.4s 277 Starting epoch: 34
3515.7s 278 Total train loss for epoch 34: 238.3179053068161
3515.7s 279 Total train accuracy for epoch 34: 52.506
3519.1s 280 Total test loss for epoch 34: 84.15284502506256
3519.1s 281 Total test accuracy for epoch 34: 72.94
3519.8s 282 Starting epoch: 35
3564.8s 283 Total train loss for epoch 35: 236.21352016925812
3564.8s 284 Total train accuracy for epoch 35: 53.044
3568.2s 285 Total test loss for epoch 35: 81.19249188899994
3568.2s 286 Total test accuracy for epoch 35: 73.25
3568.9s 287 Starting epoch: 36
3614.1s 288 Total train loss for epoch 36: 234.80137610435486
3614.1s 289 Total train accuracy for epoch 36: 53.244
3617.4s 290 Total test loss for epoch 36: 80.93826735019684
3617.4s 291 Total test accuracy for epoch 36: 74.03
3618.1s 292 Starting epoch: 37
3663.1s 293 Total train loss for epoch 37: 233.91663944721222
3663.1s 294 Total train accuracy for epoch 37: 53.472
3666.5s 295 Total test loss for epoch 37: 85.43973636627197
3666.5s 296 Total test accuracy for epoch 37: 70.3
3667.2s 297 Starting epoch: 38
3712.3s 298 Total train loss for epoch 38: 232.52093303203583
3712.3s 299 Total train accuracy for epoch 38: 53.506
3715.7s 300 Total test loss for epoch 38: 78.43122094869614
3715.7s 301 Total test accuracy for epoch 38: 74.35
3716.4s 302 Starting epoch: 39
3761.5s 303 Total train loss for epoch 39: 230.7650431394577
3761.5s 304 Total train accuracy for epoch 39: 53.726
3765.0s 305 Total test loss for epoch 39: 82.07383519411087
3765.0s 306 Total test accuracy for epoch 39: 74.09
3765.6s 307 Starting epoch: 40
3810.7s 308 Total train loss for epoch 40: 229.7621146440506
3810.7s 309 Total train accuracy for epoch 40: 54.062
3814.0s 310 Total test loss for epoch 40: 80.59901732206345
3814.0s 311 Total test accuracy for epoch 40: 75.01
3814.7s 312 Starting epoch: 41
3859.9s 313 Total train loss for epoch 41: 228.1559001803398
3859.9s 314 Total train accuracy for epoch 41: 54.482
3863.2s 315 Total test loss for epoch 41: 83.99228328466415
3863.2s 316 Total test accuracy for epoch 41: 71.88
3863.9s 317 Starting epoch: 42
3909.0s 318 Total train loss for epoch 42: 226.45749533176422
3909.0s 319 Total train accuracy for epoch 42: 54.172
3912.3s 320 Total test loss for epoch 42: 77.96164846420288
3912.3s 321 Total test accuracy for epoch 42: 75.12
3913.0s 322 Starting epoch: 43
3958.2s 323 Total train loss for epoch 43: 223.43652033805847
3958.2s 324 Total train accuracy for epoch 43: 54.97
3961.6s 325 Total test loss for epoch 43: 79.58241814374924
3961.6s 326 Total test accuracy for epoch 43: 74.54
3962.3s 327 Starting epoch: 44
4007.3s 328 Total train loss for epoch 44: 221.6468533873558
4007.3s 329 Total train accuracy for epoch 44: 55.24
4010.7s 330 Total test loss for epoch 44: 75.4215077161789
4010.7s 331 Total test accuracy for epoch 44: 75.99
4011.4s 332 Starting epoch: 45
4056.5s 333 Total train loss for epoch 45: 219.45338040590286
4056.5s 334 Total train accuracy for epoch 45: 55.96
4059.9s 335 Total test loss for epoch 45: 75.54547744989395
4059.9s 336 Total test accuracy for epoch 45: 75.73
4060.6s 337 Starting epoch: 46
4105.8s 338 Total train loss for epoch 46: 218.0860601067543
4105.8s 339 Total train accuracy for epoch 46: 56.118
4109.2s 340 Total test loss for epoch 46: 75.86122572422028
4109.2s 341 Total test accuracy for epoch 46: 75.0
4109.9s 342 Starting epoch: 47
4154.8s 343 Total train loss for epoch 47: 215.72948223352432
4154.8s 344 Total train accuracy for epoch 47: 56.192
4158.1s 345 Total test loss for epoch 47: 70.70439231395721
4158.1s 346 Total test accuracy for epoch 47: 77.94
4158.8s 347 Starting epoch: 48
4203.9s 348 Total train loss for epoch 48: 212.01969397068024
4203.9s 349 Total train accuracy for epoch 48: 57.09
4207.2s 350 Total test loss for epoch 48: 77.42211711406708
4207.2s 351 Total test accuracy for epoch 48: 73.26
4207.9s 352 Starting epoch: 49
4252.9s 353 Total train loss for epoch 49: 211.50583291053772
4252.9s 354 Total train accuracy for epoch 49: 56.97
4256.3s 355 Total test loss for epoch 49: 69.92548370361328
4256.3s 356 Total test accuracy for epoch 49: 77.58
4256.9s 357 Starting epoch: 50
4302.0s 358 Total train loss for epoch 50: 210.01117730140686
4302.0s 359 Total train accuracy for epoch 50: 57.178
4305.4s 360 Total test loss for epoch 50: 72.90675884485245
4305.4s 361 Total test accuracy for epoch 50: 76.11
4306.1s 362 Starting epoch: 51
4351.0s 363 Total train loss for epoch 51: 206.63863414525986
4351.0s 364 Total train accuracy for epoch 51: 57.95
4354.4s 365 Total test loss for epoch 51: 74.37406814098358
4354.4s 366 Total test accuracy for epoch 51: 75.97
4355.1s 367 Starting epoch: 52
4399.9s 368 Total train loss for epoch 52: 205.25916653871536
4399.9s 369 Total train accuracy for epoch 52: 58.02
4403.3s 370 Total test loss for epoch 52: 70.67388540506363
4403.3s 371 Total test accuracy for epoch 52: 76.79
4403.9s 372 Starting epoch: 53
4448.8s 373 Total train loss for epoch 53: 203.4652019739151
4448.8s 374 Total train accuracy for epoch 53: 58.632
4452.2s 375 Total test loss for epoch 53: 71.65791440010071
4452.2s 376 Total test accuracy for epoch 53: 76.42
4452.8s 377 Starting epoch: 54
4497.4s 378 Total train loss for epoch 54: 201.43688428401947
4497.4s 379 Total train accuracy for epoch 54: 58.8
4500.8s 380 Total test loss for epoch 54: 65.6632712483406
4500.8s 381 Total test accuracy for epoch 54: 78.64
4501.5s 382 Starting epoch: 55
4546.3s 383 Total train loss for epoch 55: 198.4152910709381
4546.3s 384 Total train accuracy for epoch 55: 59.264
4549.6s 385 Total test loss for epoch 55: 65.22188451886177
4549.6s 386 Total test accuracy for epoch 55: 78.8
4550.3s 387 Starting epoch: 56
4594.9s 388 Total train loss for epoch 56: 196.4709153175354
4594.9s 389 Total train accuracy for epoch 56: 59.516
4598.2s 390 Total test loss for epoch 56: 69.86622661352158
4598.2s 391 Total test accuracy for epoch 56: 77.26
4598.9s 392 Starting epoch: 57
4643.7s 393 Total train loss for epoch 57: 194.5116424560547
4643.7s 394 Total train accuracy for epoch 57: 60.034
4647.0s 395 Total test loss for epoch 57: 70.27822378277779
4647.0s 396 Total test accuracy for epoch 57: 76.23
4647.7s 397 Starting epoch: 58
4692.5s 398 Total train loss for epoch 58: 192.12666630744934
4692.5s 399 Total train accuracy for epoch 58: 60.53
4695.8s 400 Total test loss for epoch 58: 66.804663002491
4695.8s 401 Total test accuracy for epoch 58: 78.88
4696.5s 402 Starting epoch: 59
4741.3s 403 Total train loss for epoch 59: 189.73235964775085
4741.3s 404 Total train accuracy for epoch 59: 60.886
4744.7s 405 Total test loss for epoch 59: 64.36163273453712
4744.7s 406 Total test accuracy for epoch 59: 78.88
4745.4s 407 Starting epoch: 60
4789.9s 408 Total train loss for epoch 60: 184.45998913049698
4789.9s 409 Total train accuracy for epoch 60: 61.824
4793.4s 410 Total test loss for epoch 60: 63.852113991975784
4793.4s 411 Total test accuracy for epoch 60: 78.64
4794.1s 412 Starting epoch: 61
4838.8s 413 Total train loss for epoch 61: 124.09614436328411
4838.8s 414 Total train accuracy for epoch 61: 75.904
4842.2s 415 Total test loss for epoch 61: 104.786936044693
4842.2s 416 Total test accuracy for epoch 61: 69.21
4842.9s 417 Starting epoch: 62
4887.7s 418 Total train loss for epoch 62: 44.06590727716684
4887.7s 419 Total train accuracy for epoch 62: 92.568
4891.0s 420 Total test loss for epoch 62: 451.76785802841187
4891.0s 421 Total test accuracy for epoch 62: 30.86
4891.7s 422 Starting epoch: 63
4936.8s 423 Total train loss for epoch 63: 32.22453513368964
4936.8s 424 Total train accuracy for epoch 63: 94.726
4940.0s 425 Total test loss for epoch 63: 218.34093058109283
4940.0s 426 Total test accuracy for epoch 63: 52.32
4940.7s 427 Starting epoch: 64
4985.5s 428 Total train loss for epoch 64: 20.182388439774513
4985.5s 429 Total train accuracy for epoch 64: 96.688
4988.8s 430 Total test loss for epoch 64: 190.91072177886963
4988.8s 431 Total test accuracy for epoch 64: 49.98
4989.5s 432 Starting epoch: 65
5034.3s 433 Total train loss for epoch 65: 15.757296627387404
5034.3s 434 Total train accuracy for epoch 65: 97.422
5037.6s 435 Total test loss for epoch 65: 108.51411551237106
5037.6s 436 Total test accuracy for epoch 65: 71.53
5038.3s 437 Starting epoch: 66
5083.3s 438 Total train loss for epoch 66: 13.789345303550363
5083.3s 439 Total train accuracy for epoch 66: 97.814
5086.6s 440 Total test loss for epoch 66: 209.89800834655762
5086.6s 441 Total test accuracy for epoch 66: 57.25
5087.3s 442 Starting epoch: 67
5132.0s 443 Total train loss for epoch 67: 14.037340534850955
5132.0s 444 Total train accuracy for epoch 67: 97.7
5135.3s 445 Total test loss for epoch 67: 103.99641805887222
5135.3s 446 Total test accuracy for epoch 67: 71.71
5136.0s 447 Starting epoch: 68
5180.7s 448 Total train loss for epoch 68: 13.59403170645237
5180.7s 449 Total train accuracy for epoch 68: 97.836
5184.1s 450 Total test loss for epoch 68: 96.77940875291824
5184.1s 451 Total test accuracy for epoch 68: 75.5
5184.8s 452 Starting epoch: 69
5229.5s 453 Total train loss for epoch 69: 11.486539002507925
5229.5s 454 Total train accuracy for epoch 69: 98.21
5233.0s 455 Total test loss for epoch 69: 77.93810269236565
5233.0s 456 Total test accuracy for epoch 69: 78.35
5233.7s 457 Starting epoch: 70
5278.4s 458 Total train loss for epoch 70: 10.370428923517466
5278.4s 459 Total train accuracy for epoch 70: 98.348
5281.7s 460 Total test loss for epoch 70: 83.34431231021881
5281.7s 461 Total test accuracy for epoch 70: 76.96
5282.4s 462 Starting epoch: 71
5327.3s 463 Total train loss for epoch 71: 10.29044290073216
5327.3s 464 Total train accuracy for epoch 71: 98.304
5330.6s 465 Total test loss for epoch 71: 106.24732458591461
5330.6s 466 Total test accuracy for epoch 71: 72.62
5331.3s 467 Starting epoch: 72
5376.0s 468 Total train loss for epoch 72: 9.461032672785223
5376.0s 469 Total train accuracy for epoch 72: 98.458
5379.3s 470 Total test loss for epoch 72: 105.19349509477615
5379.3s 471 Total test accuracy for epoch 72: 72.42
5380.0s 472 Starting epoch: 73
5424.7s 473 Total train loss for epoch 73: 8.201059185899794
5424.7s 474 Total train accuracy for epoch 73: 98.736
5428.0s 475 Total test loss for epoch 73: 76.20889812707901
5428.0s 476 Total test accuracy for epoch 73: 78.39
5428.7s 477 Starting epoch: 74
5473.4s 478 Total train loss for epoch 74: 8.519857421517372
5473.4s 479 Total train accuracy for epoch 74: 98.614
5476.7s 480 Total test loss for epoch 74: 79.43220573663712
5476.7s 481 Total test accuracy for epoch 74: 77.39
5477.4s 482 Starting epoch: 75
5522.2s 483 Total train loss for epoch 75: 6.89624787773937
5522.2s 484 Total train accuracy for epoch 75: 98.932
5525.5s 485 Total test loss for epoch 75: 71.24579384922981
5525.5s 486 Total test accuracy for epoch 75: 79.81
5526.2s 487 Starting epoch: 76
5570.9s 488 Total train loss for epoch 76: 6.570178864523768
5570.9s 489 Total train accuracy for epoch 76: 98.93
5574.4s 490 Total test loss for epoch 76: 66.34156042337418
5574.4s 491 Total test accuracy for epoch 76: 81.72
5575.1s 492 Starting epoch: 77
5619.6s 493 Total train loss for epoch 77: 6.147238872479647
5619.6s 494 Total train accuracy for epoch 77: 99.056
5623.0s 495 Total test loss for epoch 77: 60.86166852712631
5623.0s 496 Total test accuracy for epoch 77: 82.16
5623.7s 497 Starting epoch: 78
5668.3s 498 Total train loss for epoch 78: 6.29024371271953
5668.3s 499 Total train accuracy for epoch 78: 99.044
5671.6s 500 Total test loss for epoch 78: 75.13122746348381
5671.6s 501 Total test accuracy for epoch 78: 79.56
5672.3s 502 Starting epoch: 79
5717.0s 503 Total train loss for epoch 79: 4.765214602462947
5717.0s 504 Total train accuracy for epoch 79: 99.27
5720.3s 505 Total test loss for epoch 79: 58.956892773509026
5720.3s 506 Total test accuracy for epoch 79: 83.8
5721.0s 507 Starting epoch: 80
5765.8s 508 Total train loss for epoch 80: 3.806413029320538
5765.8s 509 Total train accuracy for epoch 80: 99.464
5769.1s 510 Total test loss for epoch 80: 57.31811964511871
5769.1s 511 Total test accuracy for epoch 80: 84.22
5771.9s 512 Resnet18 Fast, no early stop
5775.3s 513 Total test loss for epoch 1: 57.31811964511871
5775.3s 514 Total test accuracy for epoch 1: 84.22
5903.6s 515 Accuracy on adversarial examples generated using PGD attack: 0.03%
5905.3s 516 Total train time for model resnet18_fast_epochs_80_lr_0.2_no_early is 65 minutes, 25 seconds.
5905.3s 517 Starting epoch: 1
5950.5s 518 Total train loss for epoch 1: 454.29244661331177
5950.5s 519 Total train accuracy for epoch 1: 8.258
5953.9s 520 Total test loss for epoch 1: 224.3020520210266
5953.9s 521 Total test accuracy for epoch 1: 18.23
5954.6s 522 Starting epoch: 2
5999.4s 523 Total train loss for epoch 2: 439.5143930912018
5999.4s 524 Total train accuracy for epoch 2: 14.748
6002.7s 525 Total test loss for epoch 2: 209.4972356557846
6002.7s 526 Total test accuracy for epoch 2: 20.44
6003.4s 527 Starting epoch: 3
6048.4s 528 Total train loss for epoch 3: 421.4499509334564
6048.4s 529 Total train accuracy for epoch 3: 18.742
6051.7s 530 Total test loss for epoch 3: 185.85808658599854
6051.7s 531 Total test accuracy for epoch 3: 30.79
6052.4s 532 Starting epoch: 4
6097.1s 533 Total train loss for epoch 4: 401.4885573387146
6097.1s 534 Total train accuracy for epoch 4: 22.43
6100.4s 535 Total test loss for epoch 4: 174.6303632259369
6100.4s 536 Total test accuracy for epoch 4: 34.75
6101.1s 537 Starting epoch: 5
6145.9s 538 Total train loss for epoch 5: 389.08711647987366
6145.9s 539 Total train accuracy for epoch 5: 24.818
6149.2s 540 Total test loss for epoch 5: 165.12265753746033
6149.2s 541 Total test accuracy for epoch 5: 38.68
6149.9s 542 Starting epoch: 6
6194.7s 543 Total train loss for epoch 6: 379.68438255786896
6194.7s 544 Total train accuracy for epoch 6: 26.504
6198.0s 545 Total test loss for epoch 6: 163.93397641181946
6198.0s 546 Total test accuracy for epoch 6: 37.71
6198.7s 547 Starting epoch: 7
6243.7s 548 Total train loss for epoch 7: 372.39838695526123
6243.7s 549 Total train accuracy for epoch 7: 27.632
6247.0s 550 Total test loss for epoch 7: 154.6343139410019
6247.0s 551 Total test accuracy for epoch 7: 44.32
6247.7s 552 Starting epoch: 8
6292.5s 553 Total train loss for epoch 8: 363.1399006843567
6292.5s 554 Total train accuracy for epoch 8: 29.726
6296.1s 555 Total test loss for epoch 8: 148.94854879379272
6296.1s 556 Total test accuracy for epoch 8: 45.92
6296.7s 557 Starting epoch: 9
6341.3s 558 Total train loss for epoch 9: 357.43651485443115
6341.3s 559 Total train accuracy for epoch 9: 30.71
6344.6s 560 Total test loss for epoch 9: 143.21790766716003
6344.6s 561 Total test accuracy for epoch 9: 47.47
6345.3s 562 Starting epoch: 10
6390.2s 563 Total train loss for epoch 10: 349.89862084388733
6390.2s 564 Total train accuracy for epoch 10: 32.026
6393.5s 565 Total test loss for epoch 10: 146.76893842220306
6393.5s 566 Total test accuracy for epoch 10: 46.68
6394.2s 567 Starting epoch: 11
6439.0s 568 Total train loss for epoch 11: 342.9093155860901
6439.0s 569 Total train accuracy for epoch 11: 33.596
6442.3s 570 Total test loss for epoch 11: 140.2972536087036
6442.3s 571 Total test accuracy for epoch 11: 50.07
6443.0s 572 Starting epoch: 12
6487.9s 573 Total train loss for epoch 12: 335.86456978321075
6487.9s 574 Total train accuracy for epoch 12: 34.538
6491.2s 575 Total test loss for epoch 12: 129.62576484680176
6491.2s 576 Total test accuracy for epoch 12: 53.74
6491.9s 577 Starting epoch: 13
6536.6s 578 Total train loss for epoch 13: 327.55817234516144
6536.6s 579 Total train accuracy for epoch 13: 36.438
6539.9s 580 Total test loss for epoch 13: 126.20697605609894
6539.9s 581 Total test accuracy for epoch 13: 54.56
6540.6s 582 Starting epoch: 14
6585.4s 583 Total train loss for epoch 14: 319.71364569664
6585.4s 584 Total train accuracy for epoch 14: 37.676
6588.7s 585 Total test loss for epoch 14: 119.6462870836258
6588.7s 586 Total test accuracy for epoch 14: 57.86
6589.4s 587 Starting epoch: 15
6634.1s 588 Total train loss for epoch 15: 312.9969071149826
6634.1s 589 Total train accuracy for epoch 15: 38.734
6637.6s 590 Total test loss for epoch 15: 118.74340116977692
6637.6s 591 Total test accuracy for epoch 15: 57.32
6638.3s 592 Starting epoch: 16
6683.2s 593 Total train loss for epoch 16: 305.9187891483307
6683.2s 594 Total train accuracy for epoch 16: 40.11
6686.6s 595 Total test loss for epoch 16: 115.40507245063782
6686.6s 596 Total test accuracy for epoch 16: 60.31
6687.2s 597 Starting epoch: 17
6732.2s 598 Total train loss for epoch 17: 298.78681993484497
6732.2s 599 Total train accuracy for epoch 17: 41.342
6735.5s 600 Total test loss for epoch 17: 111.73306947946548
6735.5s 601 Total test accuracy for epoch 17: 59.29
6736.2s 602 Starting epoch: 18
6781.0s 603 Total train loss for epoch 18: 293.5278706550598
6781.0s 604 Total train accuracy for epoch 18: 42.496
6784.2s 605 Total test loss for epoch 18: 106.80597996711731
6784.2s 606 Total test accuracy for epoch 18: 60.42
6784.9s 607 Starting epoch: 19
6829.9s 608 Total train loss for epoch 19: 286.2163655757904
6829.9s 609 Total train accuracy for epoch 19: 44.068
6833.3s 610 Total test loss for epoch 19: 104.1563276052475
6833.3s 611 Total test accuracy for epoch 19: 66.63
6834.0s 612 Starting epoch: 20
6878.8s 613 Total train loss for epoch 20: 281.48620903491974
6878.8s 614 Total train accuracy for epoch 20: 44.7
6882.1s 615 Total test loss for epoch 20: 98.58437550067902
6882.1s 616 Total test accuracy for epoch 20: 68.89
6882.8s 617 Starting epoch: 21
6927.8s 618 Total train loss for epoch 21: 275.4888036251068
6927.8s 619 Total train accuracy for epoch 21: 45.832
6931.1s 620 Total test loss for epoch 21: 99.92684537172318
6931.1s 621 Total test accuracy for epoch 21: 67.19
6931.8s 622 Starting epoch: 22
6976.4s 623 Total train loss for epoch 22: 272.54278814792633
6976.4s 624 Total train accuracy for epoch 22: 46.214
6979.7s 625 Total test loss for epoch 22: 106.00244039297104
6979.7s 626 Total test accuracy for epoch 22: 63.61
6980.4s 627 Starting epoch: 23
7025.2s 628 Total train loss for epoch 23: 267.4184584617615
7025.2s 629 Total train accuracy for epoch 23: 47.598
7028.5s 630 Total test loss for epoch 23: 95.96312111616135
7028.5s 631 Total test accuracy for epoch 23: 67.72
7029.2s 632 Starting epoch: 24
7073.9s 633 Total train loss for epoch 24: 264.2297258377075
7073.9s 634 Total train accuracy for epoch 24: 48.206
7077.5s 635 Total test loss for epoch 24: 88.51428663730621
7077.5s 636 Total test accuracy for epoch 24: 70.86
7078.2s 637 Starting epoch: 25
7123.0s 638 Total train loss for epoch 25: 260.6704890727997
7123.0s 639 Total train accuracy for epoch 25: 48.544
7126.3s 640 Total test loss for epoch 25: 91.0281452536583
7126.3s 641 Total test accuracy for epoch 25: 70.14
7127.0s 642 Starting epoch: 26
7171.9s 643 Total train loss for epoch 26: 256.96326816082
7171.9s 644 Total train accuracy for epoch 26: 49.402
7175.3s 645 Total test loss for epoch 26: 87.25578594207764
7175.3s 646 Total test accuracy for epoch 26: 71.06
7176.0s 647 Starting epoch: 27
7220.7s 648 Total train loss for epoch 27: 254.25286102294922
7220.7s 649 Total train accuracy for epoch 27: 49.682
7224.0s 650 Total test loss for epoch 27: 86.77822643518448
7224.0s 651 Total test accuracy for epoch 27: 71.55
7224.7s 652 Starting epoch: 28
7269.4s 653 Total train loss for epoch 28: 251.61874771118164
7269.4s 654 Total train accuracy for epoch 28: 50.204
7272.8s 655 Total test loss for epoch 28: 86.13828134536743
7272.8s 656 Total test accuracy for epoch 28: 70.78
7273.5s 657 Starting epoch: 29
7318.3s 658 Total train loss for epoch 29: 247.60383224487305
7318.3s 659 Total train accuracy for epoch 29: 50.878
7321.6s 660 Total test loss for epoch 29: 85.8019586801529
7321.6s 661 Total test accuracy for epoch 29: 73.21
7322.3s 662 Starting epoch: 30
7367.0s 663 Total train loss for epoch 30: 245.40750324726105
7367.0s 664 Total train accuracy for epoch 30: 51.212
7370.3s 665 Total test loss for epoch 30: 82.0986562371254
7370.3s 666 Total test accuracy for epoch 30: 72.1
7371.0s 667 Starting epoch: 31
7415.7s 668 Total train loss for epoch 31: 243.5440752506256
7415.7s 669 Total train accuracy for epoch 31: 51.77
7419.1s 670 Total test loss for epoch 31: 82.38206452131271
7419.1s 671 Total test accuracy for epoch 31: 73.83
7419.8s 672 Starting epoch: 32
7464.3s 673 Total train loss for epoch 32: 241.37632596492767
7464.3s 674 Total train accuracy for epoch 32: 52.034
7467.6s 675 Total test loss for epoch 32: 82.88273704051971
7467.6s 676 Total test accuracy for epoch 32: 71.94
7468.3s 677 Starting epoch: 33
7513.0s 678 Total train loss for epoch 33: 238.59157025814056
7513.0s 679 Total train accuracy for epoch 33: 52.62
7516.5s 680 Total test loss for epoch 33: 85.86795103549957
7516.5s 681 Total test accuracy for epoch 33: 70.77
7517.2s 682 Starting epoch: 34
7561.9s 683 Total train loss for epoch 34: 237.64770209789276
7561.9s 684 Total train accuracy for epoch 34: 52.834
7565.2s 685 Total test loss for epoch 34: 87.04479044675827
7565.2s 686 Total test accuracy for epoch 34: 71.23
7565.9s 687 Starting epoch: 35
7610.7s 688 Total train loss for epoch 35: 236.2708376646042
7610.7s 689 Total train accuracy for epoch 35: 52.942
7614.0s 690 Total test loss for epoch 35: 80.4446907043457
7614.0s 691 Total test accuracy for epoch 35: 73.6
7614.7s 692 Starting epoch: 36
7659.5s 693 Total train loss for epoch 36: 234.31357419490814
7659.5s 694 Total train accuracy for epoch 36: 53.114
7662.8s 695 Total test loss for epoch 36: 81.33868622779846
7662.8s 696 Total test accuracy for epoch 36: 72.61
7663.5s 697 Starting epoch: 37
7708.4s 698 Total train loss for epoch 37: 233.7868573665619
7708.4s 699 Total train accuracy for epoch 37: 53.33
7711.7s 700 Total test loss for epoch 37: 80.0650104880333
7711.7s 701 Total test accuracy for epoch 37: 73.18
7712.4s 702 Starting epoch: 38
7757.2s 703 Total train loss for epoch 38: 231.27974653244019
7757.2s 704 Total train accuracy for epoch 38: 53.606
7760.4s 705 Total test loss for epoch 38: 76.85060065984726
7760.4s 706 Total test accuracy for epoch 38: 75.47
7761.1s 707 Starting epoch: 39
7806.1s 708 Total train loss for epoch 39: 230.53612583875656
7806.1s 709 Total train accuracy for epoch 39: 53.86
7809.4s 710 Total test loss for epoch 39: 91.2333692908287
7809.4s 711 Total test accuracy for epoch 39: 70.27
7810.0s 712 Starting epoch: 40
7854.7s 713 Total train loss for epoch 40: 229.38609671592712
7854.7s 714 Total train accuracy for epoch 40: 54.11
7858.2s 715 Total test loss for epoch 40: 101.22636848688126
7858.2s 716 Total test accuracy for epoch 40: 64.71
7858.9s 717 Starting epoch: 41
7903.6s 718 Total train loss for epoch 41: 227.20008182525635
7903.6s 719 Total train accuracy for epoch 41: 54.542
7906.9s 720 Total test loss for epoch 41: 84.3364589214325
7906.9s 721 Total test accuracy for epoch 41: 71.77
7907.5s 722 Starting epoch: 42
7952.3s 723 Total train loss for epoch 42: 225.21615463495255
7952.3s 724 Total train accuracy for epoch 42: 54.652
7955.7s 725 Total test loss for epoch 42: 80.18128168582916
7955.7s 726 Total test accuracy for epoch 42: 72.69
7956.4s 727 Starting epoch: 43
8001.0s 728 Total train loss for epoch 43: 223.82961666584015
8001.0s 729 Total train accuracy for epoch 43: 55.2
8004.3s 730 Total test loss for epoch 43: 78.44765967130661
8004.3s 731 Total test accuracy for epoch 43: 75.76
8005.0s 732 Starting epoch: 44
8049.7s 733 Total train loss for epoch 44: 221.6166599392891
8049.7s 734 Total train accuracy for epoch 44: 55.378
8053.0s 735 Total test loss for epoch 44: 80.02939975261688
8053.0s 736 Total test accuracy for epoch 44: 75.17
8053.7s 737 Starting epoch: 45
8098.2s 738 Total train loss for epoch 45: 218.42984718084335
8098.2s 739 Total train accuracy for epoch 45: 55.992
8101.5s 740 Total test loss for epoch 45: 76.10443466901779
8101.5s 741 Total test accuracy for epoch 45: 76.99
8102.2s 742 Starting epoch: 46
8146.9s 743 Total train loss for epoch 46: 217.29891121387482
8146.9s 744 Total train accuracy for epoch 46: 56.026
8150.2s 745 Total test loss for epoch 46: 75.84776651859283
8150.2s 746 Total test accuracy for epoch 46: 76.85
8150.9s 747 Starting epoch: 47
8195.3s 748 Total train loss for epoch 47: 215.36236709356308
8195.3s 749 Total train accuracy for epoch 47: 56.522
8198.7s 750 Total test loss for epoch 47: 76.24760514497757
8198.7s 751 Total test accuracy for epoch 47: 73.97
8199.4s 752 Starting epoch: 48
8244.2s 753 Total train loss for epoch 48: 211.67576026916504
8244.2s 754 Total train accuracy for epoch 48: 57.018
8247.4s 755 Total test loss for epoch 48: 75.73659271001816
8247.4s 756 Total test accuracy for epoch 48: 74.6
8248.1s 757 Starting epoch: 49
8292.7s 758 Total train loss for epoch 49: 210.03477424383163
8292.7s 759 Total train accuracy for epoch 49: 57.288
8296.2s 760 Total test loss for epoch 49: 76.29436963796616
8296.2s 761 Total test accuracy for epoch 49: 74.56
8296.9s 762 Starting epoch: 50
8341.5s 763 Total train loss for epoch 50: 208.03949409723282
8341.5s 764 Total train accuracy for epoch 50: 57.73
8344.8s 765 Total test loss for epoch 50: 75.89249044656754
8344.8s 766 Total test accuracy for epoch 50: 74.72
8345.5s 767 Starting epoch: 51
8390.2s 768 Total train loss for epoch 51: 206.27457112073898
8390.2s 769 Total train accuracy for epoch 51: 58.224
8393.4s 770 Total test loss for epoch 51: 68.68495666980743
8393.4s 771 Total test accuracy for epoch 51: 77.68
8394.1s 772 Starting epoch: 52
8438.6s 773 Total train loss for epoch 52: 202.55160534381866
8438.6s 774 Total train accuracy for epoch 52: 58.728
8442.0s 775 Total test loss for epoch 52: 69.30664601922035
8442.0s 776 Total test accuracy for epoch 52: 77.62
8442.7s 777 Starting epoch: 53
8487.3s 778 Total train loss for epoch 53: 200.13256913423538
8487.3s 779 Total train accuracy for epoch 53: 59.344
8490.6s 780 Total test loss for epoch 53: 68.90261858701706
8490.6s 781 Total test accuracy for epoch 53: 77.76
8491.3s 782 Starting epoch: 54
8535.8s 783 Total train loss for epoch 54: 197.90014189481735
8535.8s 784 Total train accuracy for epoch 54: 59.638
8539.2s 785 Total test loss for epoch 54: 67.8819100856781
8539.2s 786 Total test accuracy for epoch 54: 79.33
8539.8s 787 Starting epoch: 55
8584.6s 788 Total train loss for epoch 55: 195.92983013391495
8584.6s 789 Total train accuracy for epoch 55: 59.858
8587.9s 790 Total test loss for epoch 55: 66.32993996143341
8587.9s 791 Total test accuracy for epoch 55: 78.06
8588.6s 792 Starting epoch: 56
8633.1s 793 Total train loss for epoch 56: 162.9984795153141
8633.1s 794 Total train accuracy for epoch 56: 67.458
8636.3s 795 Total test loss for epoch 56: 107.84953439235687
8636.3s 796 Total test accuracy for epoch 56: 65.6
8639.0s 797 Resnet18 Fast, early stop
8642.4s 798 Total test loss for epoch 1: 66.32993996143341
8642.4s 799 Total test accuracy for epoch 1: 78.06
8770.7s 800 Accuracy on adversarial examples generated using PGD attack: 40.23%
8772.6s 801 Total train time for model resnet18_fast_epochs_80_lr_0.2_early is 45 minutes, 31 seconds.
8783.0s 802 /opt/conda/lib/python3.7/site-packages/traitlets/traitlets.py:2935: FutureWarning: --Exporter.preprocessors=["remove_papermill_header.RemovePapermillHeader"] for containers is deprecated in traitlets 5.0. You can pass `--Exporter.preprocessors item` ... multiple times to add items to a list.
8783.0s 803 FutureWarning,
8783.0s 804 [NbConvertApp] Converting notebook __notebook__.ipynb to notebook
8783.5s 805 [NbConvertApp] Writing 2820932 bytes to __notebook__.ipynb
8784.9s 806 /opt/conda/lib/python3.7/site-packages/traitlets/traitlets.py:2935: FutureWarning: --Exporter.preprocessors=["nbconvert.preprocessors.ExtractOutputPreprocessor"] for containers is deprecated in traitlets 5.0. You can pass `--Exporter.preprocessors item` ... multiple times to add items to a list.
8784.9s 807 FutureWarning,
8784.9s 808 [NbConvertApp] Converting notebook __notebook__.ipynb to html
8785.9s 809 [NbConvertApp] Support files will be in __results___files/
8785.9s 810 [NbConvertApp] Making directory __results___files
8785.9s 811 [NbConvertApp] Making directory __results___files
8785.9s 812 [NbConvertApp] Making directory __results___files
8785.9s 813 [NbConvertApp] Making directory __results___files
8785.9s 814 [NbConvertApp] Making directory __results___files
8785.9s 815 [NbConvertApp] Making directory __results___files
8785.9s 816 [NbConvertApp] Making directory __results___files
8785.9s 817 [NbConvertApp] Making directory __results___files
8785.9s 818 [NbConvertApp] Making directory __results___files
8785.9s 819 [NbConvertApp] Making directory __results___files
8785.9s 820 [NbConvertApp] Making directory __results___files
8785.9s 821 [NbConvertApp] Making directory __results___files
8785.9s 822 [NbConvertApp] Making directory __results___files
8785.9s 823 [NbConvertApp] Making directory __results___files
8785.9s 824 [NbConvertApp] Making directory __results___files
8785.9s 825 [NbConvertApp] Making directory __results___files
8785.9s 826 [NbConvertApp] Making directory __results___files
8785.9s 827 [NbConvertApp] Making directory __results___files
8785.9s 828 [NbConvertApp] Writing 537556 bytes to __results__.html