epochs - 60
batch size - 256
CrossEntropyLoss
SGD: momentum - 0.9, weight decay - 5e-4
CosineAnnealingLR
==============================================
Natural, no poison: lr - 0.02
----------------------------------------------
Total train time for model resnet18_natural_not_poisoned_epochs_60_lr_0.02 is 27 minutes, 5 seconds.

Testing with normal dataset...
Total test loss: 52.859780848026276
Total test accuracy: 85.99

Testing with poisoned dataset...
Total test loss: 1044.8527364730835
Total test accuracy: 10.15

Natural, poison: lr - 0.02
----------------------------------------------
Total train time for model resnet18_natural_poisoned_epochs_60_lr_0.02 is 29 minutes, 8 seconds.

Testing with normal dataset...
Total test loss: 68.13041940331459
Total test accuracy: 81.69

Testing with poisoned dataset...
Total test loss: 6.860684518855123
Total test accuracy: 98.21

Fast, no poison: lr - 0.2
----------------------------------------------
Total train time for model resnet18_not_poisoned_fast_epochs_60_lr_0.2 is 44 minutes, 4 seconds.
Accuracy on adversarial examples generated using PGD attack with 20 steps: 34.54%

Testing with normal dataset...
Total test loss: 65.50337195396423
Total test accuracy: 79.61

Testing with poisoned dataset...
Total test loss: 817.0117998123169
Total test accuracy: 9.94

Fast, poison: lr - 0.2
----------------------------------------------
Total train time for model resnet18_poisoned_fast_epochs_60_lr_0.2 is 46 minutes, 28 seconds.
Accuracy on adversarial examples generated using PGD attack with 20 steps: 30.86%

Testing with normal dataset...
Total test loss: 76.78333413600922
Total test accuracy: 76.51

Testing with poisoned dataset...
Total test loss: 6.164374380139634
Total test accuracy: 97.77