18.2s 1 Current device: cuda
18.2s 2 Models dir created.
18.2s 3 Stats dir created.
18.5s 4 Downloading https://www.cs.toronto.edu/~kriz/cifar-10-python.tar.gz to ./data/cifar-10-python.tar.gz
22.5s 5 Extracting ./data/cifar-10-python.tar.gz to ./data
25.1s 6 Files already downloaded and verified
28.8s 7 Starting epoch: 1
87.9s 8 Total train loss for epoch 1: 485.970338344574
87.9s 9 Total train accuracy for epoch 1: 11.552
91.5s 10 Total test loss for epoch 1: 222.40926122665405
91.5s 11 Total test accuracy for epoch 1: 16.04
92.2s 12 Starting epoch: 2
145.3s 13 Total train loss for epoch 2: 433.4271788597107
145.3s 14 Total train accuracy for epoch 2: 16.44
148.7s 15 Total test loss for epoch 2: 204.13123953342438
148.7s 16 Total test accuracy for epoch 2: 24.52
149.4s 17 Starting epoch: 3
204.1s 18 Total train loss for epoch 3: 407.6880645751953
204.1s 19 Total train accuracy for epoch 3: 22.05
207.4s 20 Total test loss for epoch 3: 181.3714863061905
207.4s 21 Total test accuracy for epoch 3: 32.58
208.1s 22 Starting epoch: 4
263.3s 23 Total train loss for epoch 4: 386.5310354232788
263.3s 24 Total train accuracy for epoch 4: 25.89
266.7s 25 Total test loss for epoch 4: 171.05171608924866
266.7s 26 Total test accuracy for epoch 4: 37.37
267.4s 27 Starting epoch: 5
319.9s 28 Total train loss for epoch 5: 370.83885765075684
319.9s 29 Total train accuracy for epoch 5: 28.356
323.3s 30 Total test loss for epoch 5: 162.10546684265137
323.3s 31 Total test accuracy for epoch 5: 42.76
324.0s 32 Starting epoch: 6
377.9s 33 Total train loss for epoch 6: 356.47631204128265
377.9s 34 Total train accuracy for epoch 6: 31.038
381.2s 35 Total test loss for epoch 6: 149.68200266361237
381.2s 36 Total test accuracy for epoch 6: 45.7
381.9s 37 Starting epoch: 7
434.3s 38 Total train loss for epoch 7: 345.0636646747589
434.3s 39 Total train accuracy for epoch 7: 33.372
437.6s 40 Total test loss for epoch 7: 137.3554663658142
437.6s 41 Total test accuracy for epoch 7: 49.84
438.3s 42 Starting epoch: 8
492.8s 43 Total train loss for epoch 8: 332.475608587265
492.8s 44 Total train accuracy for epoch 8: 35.436
496.2s 45 Total test loss for epoch 8: 135.662717461586
496.2s 46 Total test accuracy for epoch 8: 54.05
496.9s 47 Starting epoch: 9
551.1s 48 Total train loss for epoch 9: 319.78532016277313
551.1s 49 Total train accuracy for epoch 9: 37.596
554.6s 50 Total test loss for epoch 9: 124.93424844741821
554.6s 51 Total test accuracy for epoch 9: 56.41
555.2s 52 Starting epoch: 10
609.1s 53 Total train loss for epoch 10: 308.4108246564865
609.1s 54 Total train accuracy for epoch 10: 39.7
612.5s 55 Total test loss for epoch 10: 120.98817229270935
612.5s 56 Total test accuracy for epoch 10: 59.93
613.2s 57 Starting epoch: 11
666.3s 58 Total train loss for epoch 11: 301.5211189985275
666.3s 59 Total train accuracy for epoch 11: 41.202
669.7s 60 Total test loss for epoch 11: 110.4782246351242
669.7s 61 Total test accuracy for epoch 11: 62.38
670.4s 62 Starting epoch: 12
725.3s 63 Total train loss for epoch 12: 294.7983400821686
725.3s 64 Total train accuracy for epoch 12: 42.242
728.9s 65 Total test loss for epoch 12: 105.49700212478638
728.9s 66 Total test accuracy for epoch 12: 62.55
729.6s 67 Starting epoch: 13
782.5s 68 Total train loss for epoch 13: 289.3777482509613
782.5s 69 Total train accuracy for epoch 13: 43.488
786.0s 70 Total test loss for epoch 13: 105.20159995555878
786.0s 71 Total test accuracy for epoch 13: 62.43
786.6s 72 Starting epoch: 14
841.2s 73 Total train loss for epoch 14: 284.7200403213501
841.2s 74 Total train accuracy for epoch 14: 44.338
844.6s 75 Total test loss for epoch 14: 105.99559819698334
844.6s 76 Total test accuracy for epoch 14: 65.61
845.3s 77 Starting epoch: 15
900.5s 78 Total train loss for epoch 15: 278.894039273262
900.5s 79 Total train accuracy for epoch 15: 45.588
903.9s 80 Total test loss for epoch 15: 101.88379049301147
903.9s 81 Total test accuracy for epoch 15: 67.5
904.6s 82 Starting epoch: 16
958.2s 83 Total train loss for epoch 16: 277.06907045841217
958.2s 84 Total train accuracy for epoch 16: 45.832
961.6s 85 Total test loss for epoch 16: 100.51110541820526
961.6s 86 Total test accuracy for epoch 16: 64.34
962.3s 87 Starting epoch: 17
1016.6s 88 Total train loss for epoch 17: 272.63947439193726
1016.6s 89 Total train accuracy for epoch 17: 46.392
1019.9s 90 Total test loss for epoch 17: 105.15641218423843
1019.9s 91 Total test accuracy for epoch 17: 63.5
1020.6s 92 Starting epoch: 18
1075.5s 93 Total train loss for epoch 18: 270.3608397245407
1075.5s 94 Total train accuracy for epoch 18: 46.954
1079.1s 95 Total test loss for epoch 18: 95.99237072467804
1079.1s 96 Total test accuracy for epoch 18: 66.87
1079.8s 97 Starting epoch: 19
1133.0s 98 Total train loss for epoch 19: 266.73881793022156
1133.0s 99 Total train accuracy for epoch 19: 47.55
1136.4s 100 Total test loss for epoch 19: 91.23772764205933
1136.4s 101 Total test accuracy for epoch 19: 72.22
1137.1s 102 Starting epoch: 20
1190.5s 103 Total train loss for epoch 20: 263.6282550096512
1190.5s 104 Total train accuracy for epoch 20: 47.88
1193.8s 105 Total test loss for epoch 20: 97.01575756072998
1193.8s 106 Total test accuracy for epoch 20: 67.08
1194.5s 107 Starting epoch: 21
1248.5s 108 Total train loss for epoch 21: 260.6753793954849
1248.5s 109 Total train accuracy for epoch 21: 48.638
1251.8s 110 Total test loss for epoch 21: 87.39850801229477
1251.8s 111 Total test accuracy for epoch 21: 70.92
1252.5s 112 Starting epoch: 22
1306.5s 113 Total train loss for epoch 22: 258.3175005912781
1306.5s 114 Total train accuracy for epoch 22: 49.252
1309.8s 115 Total test loss for epoch 22: 91.22860330343246
1309.8s 116 Total test accuracy for epoch 22: 69.09
1310.5s 117 Starting epoch: 23
1363.0s 118 Total train loss for epoch 23: 255.94938158988953
1363.0s 119 Total train accuracy for epoch 23: 49.756
1366.6s 120 Total test loss for epoch 23: 89.65886759757996
1366.6s 121 Total test accuracy for epoch 23: 70.93
1367.3s 122 Starting epoch: 24
1422.4s 123 Total train loss for epoch 24: 252.78971672058105
1422.4s 124 Total train accuracy for epoch 24: 50.028
1425.8s 125 Total test loss for epoch 24: 86.50059086084366
1425.8s 126 Total test accuracy for epoch 24: 71.63
1426.4s 127 Starting epoch: 25
1480.2s 128 Total train loss for epoch 25: 250.8078818321228
1480.2s 129 Total train accuracy for epoch 25: 50.234
1483.6s 130 Total test loss for epoch 25: 86.53356003761292
1483.6s 131 Total test accuracy for epoch 25: 73.37
1484.2s 132 Starting epoch: 26
1537.3s 133 Total train loss for epoch 26: 248.76722729206085
1537.3s 134 Total train accuracy for epoch 26: 50.856
1540.7s 135 Total test loss for epoch 26: 84.15861409902573
1540.7s 136 Total test accuracy for epoch 26: 72.52
1541.4s 137 Starting epoch: 27
1593.0s 138 Total train loss for epoch 27: 246.8979721069336
1593.0s 139 Total train accuracy for epoch 27: 51.21
1596.3s 140 Total test loss for epoch 27: 82.50880968570709
1596.3s 141 Total test accuracy for epoch 27: 73.07
1597.0s 142 Starting epoch: 28
1648.1s 143 Total train loss for epoch 28: 244.81285750865936
1648.1s 144 Total train accuracy for epoch 28: 51.336
1651.7s 145 Total test loss for epoch 28: 80.52550041675568
1651.7s 146 Total test accuracy for epoch 28: 73.74
1652.4s 147 Starting epoch: 29
1705.4s 148 Total train loss for epoch 29: 241.5628399848938
1705.4s 149 Total train accuracy for epoch 29: 52.128
1708.8s 150 Total test loss for epoch 29: 79.46449047327042
1708.8s 151 Total test accuracy for epoch 29: 74.85
1709.4s 152 Starting epoch: 30
1761.9s 153 Total train loss for epoch 30: 239.53127241134644
1761.9s 154 Total train accuracy for epoch 30: 52.614
1765.3s 155 Total test loss for epoch 30: 76.31495016813278
1765.3s 156 Total test accuracy for epoch 30: 75.66
1766.0s 157 Starting epoch: 31
1821.1s 158 Total train loss for epoch 31: 238.04983413219452
1821.1s 159 Total train accuracy for epoch 31: 52.744
1824.4s 160 Total test loss for epoch 31: 78.57549512386322
1824.4s 161 Total test accuracy for epoch 31: 75.46
1825.1s 162 Starting epoch: 32
1879.7s 163 Total train loss for epoch 32: 235.04402899742126
1879.7s 164 Total train accuracy for epoch 32: 53.108
1883.1s 165 Total test loss for epoch 32: 79.08128446340561
1883.1s 166 Total test accuracy for epoch 32: 74.24
1883.8s 167 Starting epoch: 33
1937.0s 168 Total train loss for epoch 33: 234.0042370557785
1937.0s 169 Total train accuracy for epoch 33: 53.186
1940.6s 170 Total test loss for epoch 33: 75.89760607481003
1940.6s 171 Total test accuracy for epoch 33: 76.85
1941.3s 172 Starting epoch: 34
1996.3s 173 Total train loss for epoch 34: 230.9653412103653
1996.3s 174 Total train accuracy for epoch 34: 53.978
1999.7s 175 Total test loss for epoch 34: 79.74407482147217
1999.7s 176 Total test accuracy for epoch 34: 73.94
2000.3s 177 Starting epoch: 35
2052.5s 178 Total train loss for epoch 35: 229.891850233078
2052.5s 179 Total train accuracy for epoch 35: 54.04
2055.8s 180 Total test loss for epoch 35: 80.17998242378235
2055.8s 181 Total test accuracy for epoch 35: 74.04
2056.5s 182 Starting epoch: 36
2109.9s 183 Total train loss for epoch 36: 225.91766333580017
2109.9s 184 Total train accuracy for epoch 36: 54.742
2113.3s 185 Total test loss for epoch 36: 75.12831437587738
2113.3s 186 Total test accuracy for epoch 36: 76.26
2114.0s 187 Starting epoch: 37
2166.0s 188 Total train loss for epoch 37: 224.02932274341583
2166.0s 189 Total train accuracy for epoch 37: 55.084
2169.4s 190 Total test loss for epoch 37: 76.9621411561966
2169.4s 191 Total test accuracy for epoch 37: 75.16
2170.0s 192 Starting epoch: 38
2222.4s 193 Total train loss for epoch 38: 223.7110651731491
2222.4s 194 Total train accuracy for epoch 38: 55.2
2226.0s 195 Total test loss for epoch 38: 76.30474078655243
2226.0s 196 Total test accuracy for epoch 38: 75.81
2226.7s 197 Starting epoch: 39
2279.6s 198 Total train loss for epoch 39: 220.17244672775269
2279.6s 199 Total train accuracy for epoch 39: 55.69
2283.0s 200 Total test loss for epoch 39: 76.53233969211578
2283.0s 201 Total test accuracy for epoch 39: 75.28
2283.7s 202 Starting epoch: 40
2337.6s 203 Total train loss for epoch 40: 218.30204504728317
2337.6s 204 Total train accuracy for epoch 40: 56.286
2341.0s 205 Total test loss for epoch 40: 75.32469528913498
2341.0s 206 Total test accuracy for epoch 40: 74.9
2341.7s 207 Starting epoch: 41
2396.9s 208 Total train loss for epoch 41: 214.62214922904968
2396.9s 209 Total train accuracy for epoch 41: 56.858
2400.3s 210 Total test loss for epoch 41: 69.57961469888687
2400.3s 211 Total test accuracy for epoch 41: 78.53
2400.9s 212 Starting epoch: 42
2453.1s 213 Total train loss for epoch 42: 212.2027868628502
2453.1s 214 Total train accuracy for epoch 42: 57.238
2456.5s 215 Total test loss for epoch 42: 70.1885975599289
2456.5s 216 Total test accuracy for epoch 42: 78.17
2457.1s 217 Starting epoch: 43
2509.8s 218 Total train loss for epoch 43: 209.55423605442047
2509.8s 219 Total train accuracy for epoch 43: 57.528
2513.4s 220 Total test loss for epoch 43: 69.18598157167435
2513.4s 221 Total test accuracy for epoch 43: 77.0
2514.1s 222 Starting epoch: 44
2566.8s 223 Total train loss for epoch 44: 205.9635169506073
2566.8s 224 Total train accuracy for epoch 44: 58.214
2570.1s 225 Total test loss for epoch 44: 74.5926074385643
2570.1s 226 Total test accuracy for epoch 44: 74.44
2570.8s 227 Starting epoch: 45
2625.9s 228 Total train loss for epoch 45: 203.30534929037094
2625.9s 229 Total train accuracy for epoch 45: 58.63
2629.3s 230 Total test loss for epoch 45: 64.55528628826141
2629.3s 231 Total test accuracy for epoch 45: 79.06
2629.9s 232 Starting epoch: 46
2684.4s 233 Total train loss for epoch 46: 199.64408922195435
2684.4s 234 Total train accuracy for epoch 46: 59.456
2687.7s 235 Total test loss for epoch 46: 63.162335485219955
2687.7s 236 Total test accuracy for epoch 46: 80.12
2688.4s 237 Starting epoch: 47
2742.4s 238 Total train loss for epoch 47: 196.7849578857422
2742.4s 239 Total train accuracy for epoch 47: 59.954
2745.7s 240 Total test loss for epoch 47: 66.71886113286018
2745.7s 241 Total test accuracy for epoch 47: 79.89
2746.4s 242 Starting epoch: 48
2798.5s 243 Total train loss for epoch 48: 191.93882316350937
2798.5s 244 Total train accuracy for epoch 48: 60.608
2802.0s 245 Total test loss for epoch 48: 63.875844836235046
2802.0s 246 Total test accuracy for epoch 48: 79.53
2802.7s 247 Starting epoch: 49
2858.8s 248 Total train loss for epoch 49: 188.0856105685234
2858.8s 249 Total train accuracy for epoch 49: 61.426
2862.2s 250 Total test loss for epoch 49: 62.94530737400055
2862.2s 251 Total test accuracy for epoch 49: 79.75
2862.9s 252 Starting epoch: 50
2932.8s 253 Total train loss for epoch 50: 194.2911627292633
2932.8s 254 Total train accuracy for epoch 50: 63.706
2936.1s 255 Total test loss for epoch 50: 70.58395320177078
2936.1s 256 Total test accuracy for epoch 50: 78.38
2936.8s 257 Starting epoch: 51
2987.9s 258 Total train loss for epoch 51: 199.0735558271408
2987.9s 259 Total train accuracy for epoch 51: 59.07
2991.4s 260 Total test loss for epoch 51: 65.29932832717896
2991.4s 261 Total test accuracy for epoch 51: 79.13
2992.1s 262 Starting epoch: 52
3045.2s 263 Total train loss for epoch 52: 188.42396515607834
3045.2s 264 Total train accuracy for epoch 52: 61.108
3048.5s 265 Total test loss for epoch 52: 65.1732959151268
3048.5s 266 Total test accuracy for epoch 52: 80.7
3049.2s 267 Starting epoch: 53
3103.0s 268 Total train loss for epoch 53: 182.70455610752106
3103.0s 269 Total train accuracy for epoch 53: 62.042
3106.4s 270 Total test loss for epoch 53: 60.8789347410202
3106.4s 271 Total test accuracy for epoch 53: 80.88
3107.1s 272 Starting epoch: 54
3158.8s 273 Total train loss for epoch 54: 177.5607204437256
3158.8s 274 Total train accuracy for epoch 54: 62.948
3162.1s 275 Total test loss for epoch 54: 59.239814311265945
3162.1s 276 Total test accuracy for epoch 54: 81.62
3162.8s 277 Starting epoch: 55
3214.7s 278 Total train loss for epoch 55: 172.14357709884644
3214.7s 279 Total train accuracy for epoch 55: 63.962
3218.1s 280 Total test loss for epoch 55: 59.12820079922676
3218.1s 281 Total test accuracy for epoch 55: 81.82
3218.7s 282 Starting epoch: 56
3273.5s 283 Total train loss for epoch 56: 167.2822783589363
3273.5s 284 Total train accuracy for epoch 56: 64.746
3276.9s 285 Total test loss for epoch 56: 58.786109030246735
3276.9s 286 Total test accuracy for epoch 56: 81.83
3277.6s 287 Starting epoch: 57
3330.8s 288 Total train loss for epoch 57: 163.13307708501816
3330.8s 289 Total train accuracy for epoch 57: 65.474
3334.2s 290 Total test loss for epoch 57: 59.25700542330742
3334.2s 291 Total test accuracy for epoch 57: 81.0
3334.8s 292 Starting epoch: 58
3387.7s 293 Total train loss for epoch 58: 157.33711713552475
3387.7s 294 Total train accuracy for epoch 58: 66.616
3391.1s 295 Total test loss for epoch 58: 56.71749892830849
3391.1s 296 Total test accuracy for epoch 58: 82.14
3391.8s 297 Starting epoch: 59
3446.2s 298 Total train loss for epoch 59: 153.01411908864975
3446.2s 299 Total train accuracy for epoch 59: 67.316
3449.5s 300 Total test loss for epoch 59: 54.82959499955177
3449.5s 301 Total test accuracy for epoch 59: 82.81
3450.2s 302 Starting epoch: 60
3505.3s 303 Total train loss for epoch 60: 147.80351954698563
3505.3s 304 Total train accuracy for epoch 60: 68.22
3508.7s 305 Total test loss for epoch 60: 52.84069520235062
3508.7s 306 Total test accuracy for epoch 60: 83.29
3509.3s 307 Starting epoch: 61
3560.8s 308 Total train loss for epoch 61: 141.51312786340714
3560.8s 309 Total train accuracy for epoch 61: 69.508
3564.4s 310 Total test loss for epoch 61: 54.03658774495125
3564.4s 311 Total test accuracy for epoch 61: 81.89
3565.1s 312 Starting epoch: 62
3617.8s 313 Total train loss for epoch 62: 135.38887810707092
3617.8s 314 Total train accuracy for epoch 62: 70.62
3621.2s 315 Total test loss for epoch 62: 53.27745598554611
3621.2s 316 Total test accuracy for epoch 62: 83.06
3621.8s 317 Starting epoch: 63
3675.8s 318 Total train loss for epoch 63: 129.23897993564606
3675.8s 319 Total train accuracy for epoch 63: 72.038
3679.2s 320 Total test loss for epoch 63: 51.22752758860588
3679.2s 321 Total test accuracy for epoch 63: 83.37
3679.8s 322 Starting epoch: 64
3734.5s 323 Total train loss for epoch 64: 123.49404394626617
3734.5s 324 Total train accuracy for epoch 64: 73.144
3737.8s 325 Total test loss for epoch 64: 53.727067202329636
3737.8s 326 Total test accuracy for epoch 64: 82.78
3738.5s 327 Starting epoch: 65
3792.0s 328 Total train loss for epoch 65: 117.36329287290573
3792.0s 329 Total train accuracy for epoch 65: 74.148
3795.3s 330 Total test loss for epoch 65: 50.07319849729538
3795.3s 331 Total test accuracy for epoch 65: 83.54
3796.0s 332 Starting epoch: 66
3847.3s 333 Total train loss for epoch 66: 109.72901770472527
3847.3s 334 Total train accuracy for epoch 66: 75.724
3850.9s 335 Total test loss for epoch 66: 50.749245434999466
3850.9s 336 Total test accuracy for epoch 66: 83.42
3851.6s 337 Starting epoch: 67
3903.3s 338 Total train loss for epoch 67: 104.4014333486557
3903.3s 339 Total train accuracy for epoch 67: 76.846
3906.6s 340 Total test loss for epoch 67: 50.32435527443886
3906.6s 341 Total test accuracy for epoch 67: 84.07
3907.3s 342 Starting epoch: 68
3961.2s 343 Total train loss for epoch 68: 97.82360011339188
3961.2s 344 Total train accuracy for epoch 68: 78.13
3964.6s 345 Total test loss for epoch 68: 46.91862165927887
3964.6s 346 Total test accuracy for epoch 68: 84.8
3965.3s 347 Starting epoch: 69
4018.6s 348 Total train loss for epoch 69: 90.87076178193092
4018.6s 349 Total train accuracy for epoch 69: 79.678
4021.9s 350 Total test loss for epoch 69: 47.77187606692314
4021.9s 351 Total test accuracy for epoch 69: 84.26
4022.6s 352 Starting epoch: 70
4075.0s 353 Total train loss for epoch 70: 85.03113335371017
4075.0s 354 Total train accuracy for epoch 70: 80.886
4078.3s 355 Total test loss for epoch 70: 47.3967068195343
4078.3s 356 Total test accuracy for epoch 70: 84.7
4079.0s 357 Starting epoch: 71
4130.9s 358 Total train loss for epoch 71: 78.44742524623871
4130.9s 359 Total train accuracy for epoch 71: 82.358
4134.2s 360 Total test loss for epoch 71: 46.177020221948624
4134.2s 361 Total test accuracy for epoch 71: 84.83
4134.9s 362 Starting epoch: 72
4187.7s 363 Total train loss for epoch 72: 73.09712660312653
4187.7s 364 Total train accuracy for epoch 72: 83.482
4191.0s 365 Total test loss for epoch 72: 46.106605023145676
4191.0s 366 Total test accuracy for epoch 72: 85.05
4191.6s 367 Starting epoch: 73
4245.8s 368 Total train loss for epoch 73: 68.33268395066261
4245.8s 369 Total train accuracy for epoch 73: 84.612
4249.2s 370 Total test loss for epoch 73: 45.55744656920433
4249.2s 371 Total test accuracy for epoch 73: 85.39
4249.9s 372 Starting epoch: 74
4302.9s 373 Total train loss for epoch 74: 64.22606861591339
4302.9s 374 Total train accuracy for epoch 74: 85.51
4306.2s 375 Total test loss for epoch 74: 45.8314820677042
4306.2s 376 Total test accuracy for epoch 74: 85.02
4306.9s 377 Starting epoch: 75
4360.4s 378 Total train loss for epoch 75: 60.93025277554989
4360.4s 379 Total train accuracy for epoch 75: 86.298
4363.7s 380 Total test loss for epoch 75: 45.973672449588776
4363.7s 381 Total test accuracy for epoch 75: 85.16
4364.4s 382 Starting epoch: 76
4414.7s 383 Total train loss for epoch 76: 57.779316291213036
4414.7s 384 Total train accuracy for epoch 76: 87.054
4418.0s 385 Total test loss for epoch 76: 45.82741358876228
4418.0s 386 Total test accuracy for epoch 76: 85.48
4418.7s 387 Starting epoch: 77
4472.0s 388 Total train loss for epoch 77: 55.884801030159
4472.0s 389 Total train accuracy for epoch 77: 87.39
4475.4s 390 Total test loss for epoch 77: 45.57640677690506
4475.4s 391 Total test accuracy for epoch 77: 85.51
4476.0s 392 Starting epoch: 78
4529.8s 393 Total train loss for epoch 78: 53.684879302978516
4529.8s 394 Total train accuracy for epoch 78: 87.912
4533.1s 395 Total test loss for epoch 78: 45.99609263241291
4533.1s 396 Total test accuracy for epoch 78: 85.35
4533.8s 397 Starting epoch: 79
4587.5s 398 Total train loss for epoch 79: 53.03619836270809
4587.5s 399 Total train accuracy for epoch 79: 88.206
4590.9s 400 Total test loss for epoch 79: 45.547245502471924
4590.9s 401 Total test accuracy for epoch 79: 85.53
4591.6s 402 Starting epoch: 80
4646.4s 403 Total train loss for epoch 80: 52.64283901453018
4646.4s 404 Total train accuracy for epoch 80: 88.128
4649.7s 405 Total test loss for epoch 80: 45.41330747306347
4649.7s 406 Total test accuracy for epoch 80: 85.44
4651.5s 407 Resnet18 Fast+, no early stop
4654.8s 408 Total test loss for epoch 1: 45.41330747306347
4654.8s 409 Total test accuracy for epoch 1: 85.44
4781.7s 410 Accuracy on adversarial examples generated using PGD attack with 20 steps: 39.99%
4815.8s 411 Accuracy on adversarial examples generated using PGD attack with 5 steps: 60.94%
4880.8s 412 Accuracy on adversarial examples generated using PGD attack with 10 steps: 44.03%
4976.8s 413 Accuracy on adversarial examples generated using PGD attack with 15 steps: 41.48%
5103.5s 414 Accuracy on adversarial examples generated using PGD attack with 20 steps: 39.99%
5105.3s 415 Total train time for model resnet18_fast+_epochs_80_lr_0.2_no_early is 77 minutes, 1 seconds.
5105.3s 416 Starting epoch: 1
5157.6s 417 Total train loss for epoch 1: 491.806587934494
5157.6s 418 Total train accuracy for epoch 1: 14.942
5160.9s 419 Total test loss for epoch 1: 209.0856133699417
5160.9s 420 Total test accuracy for epoch 1: 23.01
5161.6s 421 Starting epoch: 2
5214.3s 422 Total train loss for epoch 2: 412.44488883018494
5214.3s 423 Total train accuracy for epoch 2: 21.502
5217.9s 424 Total test loss for epoch 2: 187.75036323070526
5217.9s 425 Total test accuracy for epoch 2: 32.08
5218.5s 426 Starting epoch: 3
5272.4s 427 Total train loss for epoch 3: 391.3184725046158
5272.4s 428 Total train accuracy for epoch 3: 24.956
5275.7s 429 Total test loss for epoch 3: 172.39477443695068
5275.7s 430 Total test accuracy for epoch 3: 37.48
5276.4s 431 Starting epoch: 4
5329.4s 432 Total train loss for epoch 4: 376.2141981124878
5329.4s 433 Total train accuracy for epoch 4: 27.288
5332.8s 434 Total test loss for epoch 4: 163.4452884197235
5332.8s 435 Total test accuracy for epoch 4: 38.71
5333.4s 436 Starting epoch: 5
5386.7s 437 Total train loss for epoch 5: 364.46506524086
5386.7s 438 Total train accuracy for epoch 5: 29.524
5390.0s 439 Total test loss for epoch 5: 163.80159616470337
5390.0s 440 Total test accuracy for epoch 5: 40.99
5390.7s 441 Starting epoch: 6
5443.9s 442 Total train loss for epoch 6: 351.97869527339935
5443.9s 443 Total train accuracy for epoch 6: 32.016
5447.2s 444 Total test loss for epoch 6: 147.13309264183044
5447.2s 445 Total test accuracy for epoch 6: 47.72
5447.9s 446 Starting epoch: 7
5499.8s 447 Total train loss for epoch 7: 339.06751573085785
5499.8s 448 Total train accuracy for epoch 7: 34.282
5503.5s 449 Total test loss for epoch 7: 138.66614854335785
5503.5s 450 Total test accuracy for epoch 7: 50.28
5504.1s 451 Starting epoch: 8
5558.1s 452 Total train loss for epoch 8: 327.0683960914612
5558.1s 453 Total train accuracy for epoch 8: 36.424
5561.4s 454 Total test loss for epoch 8: 135.99001932144165
5561.4s 455 Total test accuracy for epoch 8: 52.02
5562.1s 456 Starting epoch: 9
5616.7s 457 Total train loss for epoch 9: 316.28357684612274
5616.7s 458 Total train accuracy for epoch 9: 38.416
5620.0s 459 Total test loss for epoch 9: 120.28954046964645
5620.0s 460 Total test accuracy for epoch 9: 58.37
5620.7s 461 Starting epoch: 10
5675.8s 462 Total train loss for epoch 10: 307.1898057460785
5675.8s 463 Total train accuracy for epoch 10: 39.988
5679.2s 464 Total test loss for epoch 10: 113.17023628950119
5679.2s 465 Total test accuracy for epoch 10: 58.41
5679.9s 466 Starting epoch: 11
5734.2s 467 Total train loss for epoch 11: 299.5516266822815
5734.2s 468 Total train accuracy for epoch 11: 41.258
5737.5s 469 Total test loss for epoch 11: 106.8404757976532
5737.5s 470 Total test accuracy for epoch 11: 64.41
5738.2s 471 Starting epoch: 12
5793.6s 472 Total train loss for epoch 12: 294.512344956398
5793.6s 473 Total train accuracy for epoch 12: 42.6
5797.0s 474 Total test loss for epoch 12: 114.38948661088943
5797.0s 475 Total test accuracy for epoch 12: 59.86
5797.6s 476 Starting epoch: 13
5852.3s 477 Total train loss for epoch 13: 288.2594031095505
5852.3s 478 Total train accuracy for epoch 13: 43.666
5855.7s 479 Total test loss for epoch 13: 109.55271685123444
5855.7s 480 Total test accuracy for epoch 13: 60.26
5856.4s 481 Starting epoch: 14
5909.7s 482 Total train loss for epoch 14: 282.99715662002563
5909.7s 483 Total train accuracy for epoch 14: 44.582
5913.0s 484 Total test loss for epoch 14: 99.09256047010422
5913.0s 485 Total test accuracy for epoch 14: 64.96
5913.7s 486 Starting epoch: 15
5965.8s 487 Total train loss for epoch 15: 277.1075747013092
5965.8s 488 Total train accuracy for epoch 15: 45.752
5969.1s 489 Total test loss for epoch 15: 100.32588982582092
5969.1s 490 Total test accuracy for epoch 15: 67.27
5969.8s 491 Starting epoch: 16
6024.0s 492 Total train loss for epoch 16: 274.62948417663574
6024.0s 493 Total train accuracy for epoch 16: 46.188
6027.3s 494 Total test loss for epoch 16: 100.32749301195145
6027.3s 495 Total test accuracy for epoch 16: 65.93
6028.0s 496 Starting epoch: 17
6083.1s 497 Total train loss for epoch 17: 270.3622490167618
6083.1s 498 Total train accuracy for epoch 17: 46.698
6086.5s 499 Total test loss for epoch 17: 95.07511872053146
6086.5s 500 Total test accuracy for epoch 17: 67.96
6087.2s 501 Starting epoch: 18
6139.2s 502 Total train loss for epoch 18: 268.3476827144623
6139.2s 503 Total train accuracy for epoch 18: 47.582
6142.6s 504 Total test loss for epoch 18: 103.45961827039719
6142.6s 505 Total test accuracy for epoch 18: 66.29
6143.3s 506 Starting epoch: 19
6196.4s 507 Total train loss for epoch 19: 264.74710714817047
6196.4s 508 Total train accuracy for epoch 19: 47.918
6199.9s 509 Total test loss for epoch 19: 93.96515011787415
6199.9s 510 Total test accuracy for epoch 19: 67.42
6200.6s 511 Starting epoch: 20
6255.7s 512 Total train loss for epoch 20: 261.5117539167404
6255.7s 513 Total train accuracy for epoch 20: 48.658
6259.0s 514 Total test loss for epoch 20: 90.53562146425247
6259.0s 515 Total test accuracy for epoch 20: 69.5
6259.7s 516 Starting epoch: 21
6312.3s 517 Total train loss for epoch 21: 259.6567095518112
6312.3s 518 Total train accuracy for epoch 21: 48.852
6315.6s 519 Total test loss for epoch 21: 88.94239205121994
6315.6s 520 Total test accuracy for epoch 21: 71.61
6316.3s 521 Starting epoch: 22
6368.2s 522 Total train loss for epoch 22: 256.67254996299744
6368.2s 523 Total train accuracy for epoch 22: 49.466
6371.5s 524 Total test loss for epoch 22: 92.09326696395874
6371.5s 525 Total test accuracy for epoch 22: 69.42
6372.2s 526 Starting epoch: 23
6426.8s 527 Total train loss for epoch 23: 253.73920321464539
6426.8s 528 Total train accuracy for epoch 23: 49.986
6430.1s 529 Total test loss for epoch 23: 84.29816180467606
6430.1s 530 Total test accuracy for epoch 23: 73.0
6430.8s 531 Starting epoch: 24
6485.0s 532 Total train loss for epoch 24: 252.28277277946472
6485.0s 533 Total train accuracy for epoch 24: 50.49
6488.3s 534 Total test loss for epoch 24: 86.4743310213089
6488.3s 535 Total test accuracy for epoch 24: 72.62
6489.0s 536 Starting epoch: 25
6542.3s 537 Total train loss for epoch 25: 250.51091837882996
6542.3s 538 Total train accuracy for epoch 25: 50.702
6545.5s 539 Total test loss for epoch 25: 89.43855118751526
6545.5s 540 Total test accuracy for epoch 25: 71.29
6546.2s 541 Starting epoch: 26
6599.6s 542 Total train loss for epoch 26: 247.86060440540314
6599.6s 543 Total train accuracy for epoch 26: 50.95
6602.9s 544 Total test loss for epoch 26: 85.72250664234161
6602.9s 545 Total test accuracy for epoch 26: 72.35
6603.6s 546 Starting epoch: 27
6657.7s 547 Total train loss for epoch 27: 245.0542185306549
6657.7s 548 Total train accuracy for epoch 27: 51.304
6661.0s 549 Total test loss for epoch 27: 84.89257836341858
6661.0s 550 Total test accuracy for epoch 27: 71.14
6661.7s 551 Starting epoch: 28
6715.0s 552 Total train loss for epoch 28: 243.1979867219925
6715.0s 553 Total train accuracy for epoch 28: 51.416
6718.3s 554 Total test loss for epoch 28: 84.15435689687729
6718.3s 555 Total test accuracy for epoch 28: 73.82
6719.0s 556 Starting epoch: 29
6770.7s 557 Total train loss for epoch 29: 241.16982340812683
6770.7s 558 Total train accuracy for epoch 29: 52.392
6774.0s 559 Total test loss for epoch 29: 85.04967850446701
6774.0s 560 Total test accuracy for epoch 29: 72.73
6774.6s 561 Starting epoch: 30
6828.5s 562 Total train loss for epoch 30: 239.65631413459778
6828.5s 563 Total train accuracy for epoch 30: 52.466
6832.0s 564 Total test loss for epoch 30: 85.13202112913132
6832.0s 565 Total test accuracy for epoch 30: 74.08
6832.7s 566 Starting epoch: 31
6885.5s 567 Total train loss for epoch 31: 236.1001913547516
6885.5s 568 Total train accuracy for epoch 31: 52.924
6888.9s 569 Total test loss for epoch 31: 80.11697119474411
6888.9s 570 Total test accuracy for epoch 31: 75.12
6889.6s 571 Starting epoch: 32
6942.9s 572 Total train loss for epoch 32: 234.75642478466034
6942.9s 573 Total train accuracy for epoch 32: 53.156
6946.2s 574 Total test loss for epoch 32: 78.1086854338646
6946.2s 575 Total test accuracy for epoch 32: 73.72
6946.9s 576 Starting epoch: 33
7001.2s 577 Total train loss for epoch 33: 231.8238765001297
7001.2s 578 Total train accuracy for epoch 33: 53.808
7004.5s 579 Total test loss for epoch 33: 79.51338326931
7004.5s 580 Total test accuracy for epoch 33: 72.96
7005.1s 581 Starting epoch: 34
7059.5s 582 Total train loss for epoch 34: 231.1144517660141
7059.5s 583 Total train accuracy for epoch 34: 54.038
7062.9s 584 Total test loss for epoch 34: 78.17127168178558
7062.9s 585 Total test accuracy for epoch 34: 76.28
7063.6s 586 Starting epoch: 35
7117.5s 587 Total train loss for epoch 35: 228.37583357095718
7117.5s 588 Total train accuracy for epoch 35: 54.348
7120.9s 589 Total test loss for epoch 35: 79.74921905994415
7120.9s 590 Total test accuracy for epoch 35: 71.92
7121.6s 591 Starting epoch: 36
7175.9s 592 Total train loss for epoch 36: 226.75510382652283
7175.9s 593 Total train accuracy for epoch 36: 54.778
7179.5s 594 Total test loss for epoch 36: 71.9786149263382
7179.5s 595 Total test accuracy for epoch 36: 76.75
7180.2s 596 Starting epoch: 37
7235.8s 597 Total train loss for epoch 37: 223.64419853687286
7235.8s 598 Total train accuracy for epoch 37: 55.01
7239.1s 599 Total test loss for epoch 37: 75.84760528802872
7239.1s 600 Total test accuracy for epoch 37: 75.59
7239.8s 601 Starting epoch: 38
7294.3s 602 Total train loss for epoch 38: 222.81562441587448
7294.3s 603 Total train accuracy for epoch 38: 55.642
7297.7s 604 Total test loss for epoch 38: 73.5792629122734
7297.7s 605 Total test accuracy for epoch 38: 77.1
7298.4s 606 Starting epoch: 39
7351.9s 607 Total train loss for epoch 39: 220.2937189936638
7351.9s 608 Total train accuracy for epoch 39: 55.748
7355.2s 609 Total test loss for epoch 39: 71.92489159107208
7355.2s 610 Total test accuracy for epoch 39: 77.63
7355.9s 611 Starting epoch: 40
7408.8s 612 Total train loss for epoch 40: 216.04142928123474
7408.8s 613 Total train accuracy for epoch 40: 56.432
7412.1s 614 Total test loss for epoch 40: 70.79464513063431
7412.1s 615 Total test accuracy for epoch 40: 77.09
7412.8s 616 Starting epoch: 41
7466.2s 617 Total train loss for epoch 41: 214.51925879716873
7466.2s 618 Total train accuracy for epoch 41: 56.588
7469.5s 619 Total test loss for epoch 41: 68.40613827109337
7469.5s 620 Total test accuracy for epoch 41: 77.52
7470.2s 621 Starting epoch: 42
7522.5s 622 Total train loss for epoch 42: 210.61946856975555
7522.5s 623 Total train accuracy for epoch 42: 57.674
7526.1s 624 Total test loss for epoch 42: 74.92142361402512
7526.1s 625 Total test accuracy for epoch 42: 75.97
7526.8s 626 Starting epoch: 43
7578.4s 627 Total train loss for epoch 43: 207.88799196481705
7578.4s 628 Total train accuracy for epoch 43: 57.856
7581.7s 629 Total test loss for epoch 43: 73.27063727378845
7581.7s 630 Total test accuracy for epoch 43: 77.32
7582.4s 631 Starting epoch: 44
7636.7s 632 Total train loss for epoch 44: 206.13932245969772
7636.7s 633 Total train accuracy for epoch 44: 58.29
7640.0s 634 Total test loss for epoch 44: 68.83969300985336
7640.0s 635 Total test accuracy for epoch 44: 76.88
7640.7s 636 Starting epoch: 45
7694.6s 637 Total train loss for epoch 45: 203.45872539281845
7694.6s 638 Total train accuracy for epoch 45: 58.834
7697.9s 639 Total test loss for epoch 45: 68.69441568851471
7697.9s 640 Total test accuracy for epoch 45: 78.49
7698.6s 641 Starting epoch: 46
7751.9s 642 Total train loss for epoch 46: 200.44489520788193
7751.9s 643 Total train accuracy for epoch 46: 59.164
7755.2s 644 Total test loss for epoch 46: 65.81518757343292
7755.2s 645 Total test accuracy for epoch 46: 78.99
7755.8s 646 Starting epoch: 47
7807.8s 647 Total train loss for epoch 47: 197.32736456394196
7807.8s 648 Total train accuracy for epoch 47: 59.882
7811.3s 649 Total test loss for epoch 47: 65.56276249885559
7811.3s 650 Total test accuracy for epoch 47: 79.21
7811.9s 651 Starting epoch: 48
7863.9s 652 Total train loss for epoch 48: 194.42279464006424
7863.9s 653 Total train accuracy for epoch 48: 60.186
7867.2s 654 Total test loss for epoch 48: 63.34815555810928
7867.2s 655 Total test accuracy for epoch 48: 78.34
7867.9s 656 Starting epoch: 49
7920.6s 657 Total train loss for epoch 49: 189.52010762691498
7920.6s 658 Total train accuracy for epoch 49: 61.002
7924.0s 659 Total test loss for epoch 49: 65.97368428111076
7924.0s 660 Total test accuracy for epoch 49: 78.63
7924.6s 661 Starting epoch: 50
7976.7s 662 Total train loss for epoch 50: 186.66839224100113
7976.7s 663 Total train accuracy for epoch 50: 61.698
7980.1s 664 Total test loss for epoch 50: 61.6869820356369
7980.1s 665 Total test accuracy for epoch 50: 80.55
7980.7s 666 Starting epoch: 51
8032.5s 667 Total train loss for epoch 51: 183.60963201522827
8032.5s 668 Total train accuracy for epoch 51: 61.844
8035.8s 669 Total test loss for epoch 51: 61.931440740823746
8035.8s 670 Total test accuracy for epoch 51: 79.3
8036.5s 671 Starting epoch: 52
8089.0s 672 Total train loss for epoch 52: 179.07272082567215
8089.0s 673 Total train accuracy for epoch 52: 62.908
8092.3s 674 Total test loss for epoch 52: 61.83447626233101
8092.3s 675 Total test accuracy for epoch 52: 80.38
8093.0s 676 Starting epoch: 53
8146.6s 677 Total train loss for epoch 53: 174.89846074581146
8146.6s 678 Total train accuracy for epoch 53: 63.714
8149.9s 679 Total test loss for epoch 53: 56.667424619197845
8149.9s 680 Total test accuracy for epoch 53: 82.75
8150.6s 681 Starting epoch: 54
8203.5s 682 Total train loss for epoch 54: 168.6285737156868
8203.5s 683 Total train accuracy for epoch 54: 64.674
8206.8s 684 Total test loss for epoch 54: 58.6073203086853
8206.8s 685 Total test accuracy for epoch 54: 81.09
8207.5s 686 Starting epoch: 55
8277.2s 687 Total train loss for epoch 55: 184.99073001742363
8277.2s 688 Total train accuracy for epoch 55: 63.98
8280.5s 689 Total test loss for epoch 55: 66.65609386563301
8280.5s 690 Total test accuracy for epoch 55: 79.88
8281.2s 691 Starting epoch: 56
8335.0s 692 Total train loss for epoch 56: 175.28805273771286
8335.0s 693 Total train accuracy for epoch 56: 63.034
8338.3s 694 Total test loss for epoch 56: 57.66506987810135
8338.3s 695 Total test accuracy for epoch 56: 81.29
8339.0s 696 Starting epoch: 57
8392.8s 697 Total train loss for epoch 57: 165.04811871051788
8392.8s 698 Total train accuracy for epoch 57: 65.058
8396.1s 699 Total test loss for epoch 57: 58.91962552070618
8396.1s 700 Total test accuracy for epoch 57: 81.96
8396.8s 701 Starting epoch: 58
8449.4s 702 Total train loss for epoch 58: 158.73889690637589
8449.4s 703 Total train accuracy for epoch 58: 66.202
8452.7s 704 Total test loss for epoch 58: 56.47679767012596
8452.7s 705 Total test accuracy for epoch 58: 82.23
8453.4s 706 Starting epoch: 59
8507.3s 707 Total train loss for epoch 59: 153.8707206249237
8507.3s 708 Total train accuracy for epoch 59: 67.054
8510.6s 709 Total test loss for epoch 59: 56.548913300037384
8510.6s 710 Total test accuracy for epoch 59: 81.54
8511.3s 711 Starting epoch: 60
8564.6s 712 Total train loss for epoch 60: 147.03655642271042
8564.6s 713 Total train accuracy for epoch 60: 68.476
8568.1s 714 Total test loss for epoch 60: 56.72450676560402
8568.1s 715 Total test accuracy for epoch 60: 81.4
8568.8s 716 Starting epoch: 61
8623.6s 717 Total train loss for epoch 61: 141.4923250079155
8623.6s 718 Total train accuracy for epoch 61: 69.374
8627.0s 719 Total test loss for epoch 61: 51.91548356413841
8627.0s 720 Total test accuracy for epoch 61: 83.48
8627.7s 721 Starting epoch: 62
8680.8s 722 Total train loss for epoch 62: 135.36555016040802
8680.8s 723 Total train accuracy for epoch 62: 70.71
8684.2s 724 Total test loss for epoch 62: 54.665690183639526
8684.2s 725 Total test accuracy for epoch 62: 81.9
8684.9s 726 Starting epoch: 63
8736.9s 727 Total train loss for epoch 63: 129.82106018066406
8736.9s 728 Total train accuracy for epoch 63: 71.554
8740.2s 729 Total test loss for epoch 63: 52.32738274335861
8740.2s 730 Total test accuracy for epoch 63: 83.1
8740.9s 731 Starting epoch: 64
8793.3s 732 Total train loss for epoch 64: 122.84125310182571
8793.3s 733 Total train accuracy for epoch 64: 73.02
8796.6s 734 Total test loss for epoch 64: 50.51220005750656
8796.6s 735 Total test accuracy for epoch 64: 83.67
8797.2s 736 Starting epoch: 65
8850.3s 737 Total train loss for epoch 65: 117.27863988280296
8850.3s 738 Total train accuracy for epoch 65: 74.016
8853.8s 739 Total test loss for epoch 65: 51.911780059337616
8853.8s 740 Total test accuracy for epoch 65: 83.25
8854.5s 741 Starting epoch: 66
8907.3s 742 Total train loss for epoch 66: 109.72641381621361
8907.3s 743 Total train accuracy for epoch 66: 75.716
8910.6s 744 Total test loss for epoch 66: 47.65464669466019
8910.6s 745 Total test accuracy for epoch 66: 84.11
8911.3s 746 Starting epoch: 67
8963.2s 747 Total train loss for epoch 67: 103.72301027178764
8963.2s 748 Total train accuracy for epoch 67: 76.886
8966.5s 749 Total test loss for epoch 67: 49.5376963019371
8966.5s 750 Total test accuracy for epoch 67: 83.59
8967.2s 751 Starting epoch: 68
9021.3s 752 Total train loss for epoch 68: 97.2044962644577
9021.3s 753 Total train accuracy for epoch 68: 78.104
9024.6s 754 Total test loss for epoch 68: 47.51248759031296
9024.6s 755 Total test accuracy for epoch 68: 84.94
9025.3s 756 Starting epoch: 69
9077.4s 757 Total train loss for epoch 69: 90.4054305255413
9077.4s 758 Total train accuracy for epoch 69: 79.72
9080.7s 759 Total test loss for epoch 69: 46.86572176218033
9080.7s 760 Total test accuracy for epoch 69: 84.88
9081.4s 761 Starting epoch: 70
9134.0s 762 Total train loss for epoch 70: 84.46347764134407
9134.0s 763 Total train accuracy for epoch 70: 80.93
9137.5s 764 Total test loss for epoch 70: 45.86213168501854
9137.5s 765 Total test accuracy for epoch 70: 85.08
9138.2s 766 Starting epoch: 71
9192.9s 767 Total train loss for epoch 71: 77.92971956729889
9192.9s 768 Total train accuracy for epoch 71: 82.306
9196.2s 769 Total test loss for epoch 71: 46.83156934380531
9196.2s 770 Total test accuracy for epoch 71: 84.76
9196.9s 771 Starting epoch: 72
9247.6s 772 Total train loss for epoch 72: 73.04975408315659
9247.6s 773 Total train accuracy for epoch 72: 83.498
9250.9s 774 Total test loss for epoch 72: 45.67565010488033
9250.9s 775 Total test accuracy for epoch 72: 85.15
9251.6s 776 Starting epoch: 73
9304.4s 777 Total train loss for epoch 73: 68.29050534963608
9304.4s 778 Total train accuracy for epoch 73: 84.408
9307.7s 779 Total test loss for epoch 73: 45.51916506886482
9307.7s 780 Total test accuracy for epoch 73: 85.27
9308.3s 781 Starting epoch: 74
9361.4s 782 Total train loss for epoch 74: 63.61163419485092
9361.4s 783 Total train accuracy for epoch 74: 85.536
9364.7s 784 Total test loss for epoch 74: 44.9638797044754
9364.7s 785 Total test accuracy for epoch 74: 85.58
9365.4s 786 Starting epoch: 75
9418.3s 787 Total train loss for epoch 75: 59.94880150258541
9418.3s 788 Total train accuracy for epoch 75: 86.462
9421.8s 789 Total test loss for epoch 75: 45.07976575195789
9421.8s 790 Total test accuracy for epoch 75: 85.71
9422.5s 791 Starting epoch: 76
9475.1s 792 Total train loss for epoch 76: 56.664054706692696
9475.1s 793 Total train accuracy for epoch 76: 87.222
9478.4s 794 Total test loss for epoch 76: 45.10164391994476
9478.4s 795 Total test accuracy for epoch 76: 85.59
9479.1s 796 Starting epoch: 77
9532.1s 797 Total train loss for epoch 77: 54.58501745760441
9532.1s 798 Total train accuracy for epoch 77: 87.54
9535.4s 799 Total test loss for epoch 77: 44.683867156505585
9535.4s 800 Total test accuracy for epoch 77: 85.52
9536.1s 801 Starting epoch: 78
9592.3s 802 Total train loss for epoch 78: 52.91178922355175
9592.3s 803 Total train accuracy for epoch 78: 87.98
9595.6s 804 Total test loss for epoch 78: 44.803648084402084
9595.6s 805 Total test accuracy for epoch 78: 85.64
9596.3s 806 Starting epoch: 79
9650.4s 807 Total train loss for epoch 79: 52.090120762586594
9650.4s 808 Total train accuracy for epoch 79: 88.238
9653.7s 809 Total test loss for epoch 79: 44.831816494464874
9653.7s 810 Total test accuracy for epoch 79: 85.57
9654.4s 811 Starting epoch: 80
9707.7s 812 Total train loss for epoch 80: 51.7848369628191
9707.7s 813 Total train accuracy for epoch 80: 88.28
9711.0s 814 Total test loss for epoch 80: 45.08294187486172
9711.0s 815 Total test accuracy for epoch 80: 85.49
9712.6s 816 Resnet18 Fast+, early stop
9716.0s 817 Total test loss for epoch 1: 45.08294187486172
9716.0s 818 Total test accuracy for epoch 1: 85.49
9842.7s 819 Accuracy on adversarial examples generated using PGD attack with 20 steps: 40.12%
9876.9s 820 Accuracy on adversarial examples generated using PGD attack with 5 steps: 60.91%
9941.9s 821 Accuracy on adversarial examples generated using PGD attack with 10 steps: 43.83%
10037.7s 822 Accuracy on adversarial examples generated using PGD attack with 15 steps: 41.34%
10164.6s 823 Accuracy on adversarial examples generated using PGD attack with 20 steps: 40.12%
10166.5s 824 Total train time for model resnet18_fast+_epochs_80_lr_0.2_early is 76 minutes, 46 seconds.
10173.3s 825 /opt/conda/lib/python3.7/site-packages/traitlets/traitlets.py:2935: FutureWarning: --Exporter.preprocessors=["remove_papermill_header.RemovePapermillHeader"] for containers is deprecated in traitlets 5.0. You can pass `--Exporter.preprocessors item` ... multiple times to add items to a list.
10173.3s 826 FutureWarning,
10173.3s 827 [NbConvertApp] Converting notebook __notebook__.ipynb to notebook
10173.7s 828 [NbConvertApp] Writing 1390536 bytes to __notebook__.ipynb
10175.0s 829 /opt/conda/lib/python3.7/site-packages/traitlets/traitlets.py:2935: FutureWarning: --Exporter.preprocessors=["nbconvert.preprocessors.ExtractOutputPreprocessor"] for containers is deprecated in traitlets 5.0. You can pass `--Exporter.preprocessors item` ... multiple times to add items to a list.
10175.0s 830 FutureWarning,
10175.0s 831 [NbConvertApp] Converting notebook __notebook__.ipynb to html
10176.0s 832 [NbConvertApp] Support files will be in __results___files/
10176.0s 833 [NbConvertApp] Making directory __results___files
10176.0s 834 [NbConvertApp] Making directory __results___files
10176.0s 835 [NbConvertApp] Making directory __results___files
10176.0s 836 [NbConvertApp] Making directory __results___files
10176.0s 837 [NbConvertApp] Making directory __results___files
10176.0s 838 [NbConvertApp] Making directory __results___files
10176.0s 839 [NbConvertApp] Making directory __results___files
10176.0s 840 [NbConvertApp] Making directory __results___files
10176.0s 841 [NbConvertApp] Making directory __results___files
10176.1s 842 [NbConvertApp] Making directory __results___files
10176.1s 843 [NbConvertApp] Making directory __results___files
10176.1s 844 [NbConvertApp] Making directory __results___files
10176.1s 845 [NbConvertApp] Making directory __results___files
10176.1s 846 [NbConvertApp] Making directory __results___files
10176.1s 847 [NbConvertApp] Writing 588121 bytes to __results__.html